#
# There is insufficient memory for the Java Runtime Environment to continue.
# Native memory allocation (malloc) failed to allocate 1477248 bytes for Chunk::new
# Possible reasons:
#   The system is out of physical RAM or swap space
#   The process is running with CompressedOops enabled, and the Java Heap may be blocking the growth of the native heap
# Possible solutions:
#   Reduce memory load on the system
#   Increase physical memory or swap space
#   Check if swap backing store is full
#   Decrease Java heap size (-Xmx/-Xms)
#   Decrease number of Java threads
#   Decrease Java thread stack sizes (-Xss)
#   Set larger code cache with -XX:ReservedCodeCacheSize=
#   JVM is running with Zero Based Compressed Oops mode in which the Java heap is
#     placed in the first 32GB address space. The Java Heap base address is the
#     maximum limit for the native heap growth. Please use -XX:HeapBaseMinAddress
#     to set the Java Heap base and to place the Java Heap above 32GB virtual address.
# This output file may be truncated or incomplete.
#
#  Out of Memory Error (t:/workspace/open/src/hotspot/share/memory/arena.cpp:196), pid=2588, tid=17700
#
# JRE version: Java(TM) SE Runtime Environment (13.0.1+9) (build 13.0.1+9)
# Java VM: Java HotSpot(TM) 64-Bit Server VM (13.0.1+9, mixed mode, sharing, tiered, compressed oops, g1 gc, windows-amd64)
# No core dump will be written. Minidumps are not enabled by default on client versions of Windows
#

---------------  S U M M A R Y ------------

Command Line: --add-modules=javafx.controls,javafx.fxml --module-path=C:\Users\Filip\.gradle\caches\modules-2\files-2.1\org.openjfx\javafx-fxml\11\d5ff9262ef49d166db658d15f37e3ecff38fde4b\javafx-fxml-11-win.jar;C:\Users\Filip\.gradle\caches\modules-2\files-2.1\org.openjfx\javafx-controls\11\af8d24de44e16a19ae959028eb23a48c145fb682\javafx-controls-11-win.jar;C:\Users\Filip\.gradle\caches\modules-2\files-2.1\org.openjfx\javafx-graphics\11\9345c7ea43dbcc73a62eca5332717b4ce617e6c6\javafx-graphics-11-win.jar;C:\Users\Filip\.gradle\caches\modules-2\files-2.1\org.openjfx\javafx-base\11\ad3a4acfaa28b484d30c40c1f009445cc3f6e68b\javafx-base-11-win.jar -agentlib:jdwp=transport=dt_socket,server=n,suspend=y,address=127.0.0.1:62760 -Dfile.encoding=windows-1250 -Duser.country=US -Duser.language=en -Duser.variant com.worwafi.Main

Host: Intel(R) Core(TM) i7-6700HQ CPU @ 2.60GHz, 8 cores, 15G,  Windows 10 , 64 bit Build 19041 (10.0.19041.1645)
Time: Tue May 10 22:58:54 2022 Central Europe Daylight Time elapsed time: 1 seconds (0d 0h 0m 1s)

---------------  T H R E A D  ---------------

Current thread (0x000001baefd8c800):  JavaThread "C2 CompilerThread1" daemon [_thread_in_native, id=17700, stack(0x000000853f800000,0x000000853f900000)]


Current CompileTask:
C2:   1204 1223   !   4       com.sun.javafx.css.ParsedValueImpl::readBinary (688 bytes)

Stack: [0x000000853f800000,0x000000853f900000]
Native frames: (J=compiled Java code, j=interpreted, Vv=VM code, C=native code)
V  [jvm.dll+0x626eca]
V  [jvm.dll+0x772c6a]
V  [jvm.dll+0x77441f]
V  [jvm.dll+0x774a23]
V  [jvm.dll+0x24da58]
V  [jvm.dll+0xc3ae7]
V  [jvm.dll+0xc406c]
V  [jvm.dll+0x35de75]
V  [jvm.dll+0x1a0cbb]
V  [jvm.dll+0x2079d6]
V  [jvm.dll+0x206adf]
V  [jvm.dll+0x18b94c]
V  [jvm.dll+0x2159bd]
V  [jvm.dll+0x213e6b]
V  [jvm.dll+0x738b16]
V  [jvm.dll+0x731c0a]
V  [jvm.dll+0x6260c6]
C  [ucrtbase.dll+0x21bb2]
C  [KERNEL32.DLL+0x17034]
C  [ntdll.dll+0x52651]


---------------  P R O C E S S  ---------------

Threads class SMR info:
_java_thread_list=0x000001baf0abdad0, length=20, elements={
0x000001bacb870800, 0x000001baefc05000, 0x000001baefc0a000, 0x000001baefc2d800,
0x000001baefc2e800, 0x000001baefc2f800, 0x000001baefc30800, 0x000001baefc35000,
0x000001baefc00800, 0x000001baefd8c800, 0x000001baefd8f800, 0x000001baf052d800,
0x000001baf0446800, 0x000001baf0402000, 0x000001baf03ed000, 0x000001baf0bb5800,
0x000001baf0186000, 0x000001baf0e01000, 0x000001baf073c800, 0x000001baf0ae8800
}

Java Threads: ( => current thread )
  0x000001bacb870800 JavaThread "main" [_thread_blocked, id=17200, stack(0x000000853e900000,0x000000853ea00000)]
  0x000001baefc05000 JavaThread "Reference Handler" daemon [_thread_blocked, id=4760, stack(0x000000853f000000,0x000000853f100000)]
  0x000001baefc0a000 JavaThread "Finalizer" daemon [_thread_blocked, id=20584, stack(0x000000853f100000,0x000000853f200000)]
  0x000001baefc2d800 JavaThread "Signal Dispatcher" daemon [_thread_blocked, id=12020, stack(0x000000853f200000,0x000000853f300000)]
  0x000001baefc2e800 JavaThread "Attach Listener" daemon [_thread_blocked, id=9764, stack(0x000000853f300000,0x000000853f400000)]
  0x000001baefc2f800 JavaThread "C2 CompilerThread0" daemon [_thread_blocked, id=24968, stack(0x000000853f400000,0x000000853f500000)]
  0x000001baefc30800 JavaThread "C1 CompilerThread0" daemon [_thread_blocked, id=22692, stack(0x000000853f500000,0x000000853f600000)]
  0x000001baefc35000 JavaThread "Sweeper thread" daemon [_thread_blocked, id=10220, stack(0x000000853f600000,0x000000853f700000)]
  0x000001baefc00800 JavaThread "Common-Cleaner" daemon [_thread_blocked, id=8944, stack(0x000000853f700000,0x000000853f800000)]
=>0x000001baefd8c800 JavaThread "C2 CompilerThread1" daemon [_thread_in_native, id=17700, stack(0x000000853f800000,0x000000853f900000)]
  0x000001baefd8f800 JavaThread "C2 CompilerThread2" daemon [_thread_blocked, id=360, stack(0x000000853f900000,0x000000853fa00000)]
  0x000001baf052d800 JavaThread "JDWP Transport Listener: dt_socket" daemon [_thread_blocked, id=3884, stack(0x000000853fa00000,0x000000853fb00000)]
  0x000001baf0446800 JavaThread "JDWP Event Helper Thread" daemon [_thread_blocked, id=16244, stack(0x000000853fb00000,0x000000853fc00000)]
  0x000001baf0402000 JavaThread "JDWP Command Reader" daemon [_thread_in_native, id=3304, stack(0x000000853fc00000,0x000000853fd00000)]
  0x000001baf03ed000 JavaThread "Service Thread" daemon [_thread_blocked, id=21468, stack(0x000000853fd00000,0x000000853fe00000)]
  0x000001baf0bb5800 JavaThread "QuantumRenderer-0" daemon [_thread_blocked, id=6324, stack(0x000000853ff00000,0x0000008540000000)]
  0x000001baf0186000 JavaThread "InvokeLaterDispatcher" daemon [_thread_blocked, id=22824, stack(0x0000008540000000,0x0000008540100000)]
  0x000001baf0e01000 JavaThread "JavaFX Application Thread" [_thread_in_native, id=14064, stack(0x0000008540100000,0x0000008540200000)]
  0x000001baf073c800 JavaThread "JavaFX-Launcher" [_thread_blocked, id=25484, stack(0x0000008540600000,0x0000008540700000)]
  0x000001baf0ae8800 JavaThread "Thread-2" daemon [_thread_in_native, id=14768, stack(0x0000008540500000,0x0000008540600000)]

Other Threads:
  0x000001baefc04000 VMThread "VM Thread" [stack: 0x000000853ef00000,0x000000853f000000] [id=23652]
  0x000001baf059e000 WatcherThread [stack: 0x000000853fe00000,0x000000853ff00000] [id=25312]
  0x000001bacb8dc800 GCTaskThread "GC Thread#0" [stack: 0x000000853ea00000,0x000000853eb00000] [id=24132]
  0x000001baf0ba9000 GCTaskThread "GC Thread#1" [stack: 0x0000008540700000,0x0000008540800000] [id=13760]
  0x000001baf120e800 GCTaskThread "GC Thread#2" [stack: 0x0000008540800000,0x0000008540900000] [id=7148]
  0x000001baf120f000 GCTaskThread "GC Thread#3" [stack: 0x0000008540900000,0x0000008540a00000] [id=12252]
  0x000001baf1222000 GCTaskThread "GC Thread#4" [stack: 0x0000008540a00000,0x0000008540b00000] [id=4632]
  0x000001baf11fd000 GCTaskThread "GC Thread#5" [stack: 0x0000008540b00000,0x0000008540c00000] [id=25120]
  0x000001bacb8ff800 ConcurrentGCThread "G1 Main Marker" [stack: 0x000000853eb00000,0x000000853ec00000] [id=20788]
  0x000001bacb900800 ConcurrentGCThread "G1 Conc#0" [stack: 0x000000853ec00000,0x000000853ed00000] [id=22128]
  0x000001baeed2a800 ConcurrentGCThread "G1 Refine#0" [stack: 0x000000853ed00000,0x000000853ee00000] [id=4092]
  0x000001baeed2c800 ConcurrentGCThread "G1 Young RemSet Sampling" [stack: 0x000000853ee00000,0x000000853ef00000] [id=25388]

Threads with active compile tasks:
C2 CompilerThread1     1266 1223   !   4       com.sun.javafx.css.ParsedValueImpl::readBinary (688 bytes)

VM state:not at safepoint (normal execution)

VM Mutex/Monitor currently owned by a thread: None

Heap address: 0x0000000701a00000, size: 4070 MB, Compressed Oops mode: Zero based, Oop shift amount: 3
Narrow klass base: 0x0000000800000000, Narrow klass shift: 3
Compressed class space size: 1073741824 Address: 0x0000000800b40000

Heap:
 garbage-first heap   total 262144K, used 22803K [0x0000000701a00000, 0x0000000800000000)
  region size 1024K, 23 young (23552K), 3 survivors (3072K)
 Metaspace       used 11760K, capacity 12775K, committed 12928K, reserved 1060864K
  class space    used 1585K, capacity 1804K, committed 1920K, reserved 1048576K
Heap Regions: E=young(eden), S=young(survivor), O=old, HS=humongous(starts), HC=humongous(continues), CS=collection set, F=free, A=archive, TAMS=top-at-mark-start (previous, next)
|   0|0x0000000701a00000, 0x0000000701a44c00, 0x0000000701b00000| 26%| O|  |TAMS 0x0000000701a00000, 0x0000000701a00000| Untracked 
|   1|0x0000000701b00000, 0x0000000701b00000, 0x0000000701c00000|  0%| F|  |TAMS 0x0000000701b00000, 0x0000000701b00000| Untracked 
|   2|0x0000000701c00000, 0x0000000701c00000, 0x0000000701d00000|  0%| F|  |TAMS 0x0000000701c00000, 0x0000000701c00000| Untracked 
|   3|0x0000000701d00000, 0x0000000701d00000, 0x0000000701e00000|  0%| F|  |TAMS 0x0000000701d00000, 0x0000000701d00000| Untracked 
|   4|0x0000000701e00000, 0x0000000701e00000, 0x0000000701f00000|  0%| F|  |TAMS 0x0000000701e00000, 0x0000000701e00000| Untracked 
|   5|0x0000000701f00000, 0x0000000701f00000, 0x0000000702000000|  0%| F|  |TAMS 0x0000000701f00000, 0x0000000701f00000| Untracked 
|   6|0x0000000702000000, 0x0000000702000000, 0x0000000702100000|  0%| F|  |TAMS 0x0000000702000000, 0x0000000702000000| Untracked 
|   7|0x0000000702100000, 0x0000000702100000, 0x0000000702200000|  0%| F|  |TAMS 0x0000000702100000, 0x0000000702100000| Untracked 
|   8|0x0000000702200000, 0x0000000702200000, 0x0000000702300000|  0%| F|  |TAMS 0x0000000702200000, 0x0000000702200000| Untracked 
|   9|0x0000000702300000, 0x0000000702300000, 0x0000000702400000|  0%| F|  |TAMS 0x0000000702300000, 0x0000000702300000| Untracked 
|  10|0x0000000702400000, 0x0000000702400000, 0x0000000702500000|  0%| F|  |TAMS 0x0000000702400000, 0x0000000702400000| Untracked 
|  11|0x0000000702500000, 0x0000000702500000, 0x0000000702600000|  0%| F|  |TAMS 0x0000000702500000, 0x0000000702500000| Untracked 
|  12|0x0000000702600000, 0x0000000702600000, 0x0000000702700000|  0%| F|  |TAMS 0x0000000702600000, 0x0000000702600000| Untracked 
|  13|0x0000000702700000, 0x0000000702700000, 0x0000000702800000|  0%| F|  |TAMS 0x0000000702700000, 0x0000000702700000| Untracked 
|  14|0x0000000702800000, 0x0000000702800000, 0x0000000702900000|  0%| F|  |TAMS 0x0000000702800000, 0x0000000702800000| Untracked 
|  15|0x0000000702900000, 0x0000000702900000, 0x0000000702a00000|  0%| F|  |TAMS 0x0000000702900000, 0x0000000702900000| Untracked 
|  16|0x0000000702a00000, 0x0000000702a00000, 0x0000000702b00000|  0%| F|  |TAMS 0x0000000702a00000, 0x0000000702a00000| Untracked 
|  17|0x0000000702b00000, 0x0000000702b00000, 0x0000000702c00000|  0%| F|  |TAMS 0x0000000702b00000, 0x0000000702b00000| Untracked 
|  18|0x0000000702c00000, 0x0000000702c00000, 0x0000000702d00000|  0%| F|  |TAMS 0x0000000702c00000, 0x0000000702c00000| Untracked 
|  19|0x0000000702d00000, 0x0000000702d00000, 0x0000000702e00000|  0%| F|  |TAMS 0x0000000702d00000, 0x0000000702d00000| Untracked 
|  20|0x0000000702e00000, 0x0000000702e00000, 0x0000000702f00000|  0%| F|  |TAMS 0x0000000702e00000, 0x0000000702e00000| Untracked 
|  21|0x0000000702f00000, 0x0000000702f00000, 0x0000000703000000|  0%| F|  |TAMS 0x0000000702f00000, 0x0000000702f00000| Untracked 
|  22|0x0000000703000000, 0x0000000703000000, 0x0000000703100000|  0%| F|  |TAMS 0x0000000703000000, 0x0000000703000000| Untracked 
|  23|0x0000000703100000, 0x0000000703100000, 0x0000000703200000|  0%| F|  |TAMS 0x0000000703100000, 0x0000000703100000| Untracked 
|  24|0x0000000703200000, 0x0000000703200000, 0x0000000703300000|  0%| F|  |TAMS 0x0000000703200000, 0x0000000703200000| Untracked 
|  25|0x0000000703300000, 0x0000000703300000, 0x0000000703400000|  0%| F|  |TAMS 0x0000000703300000, 0x0000000703300000| Untracked 
|  26|0x0000000703400000, 0x0000000703400000, 0x0000000703500000|  0%| F|  |TAMS 0x0000000703400000, 0x0000000703400000| Untracked 
|  27|0x0000000703500000, 0x0000000703500000, 0x0000000703600000|  0%| F|  |TAMS 0x0000000703500000, 0x0000000703500000| Untracked 
|  28|0x0000000703600000, 0x0000000703600000, 0x0000000703700000|  0%| F|  |TAMS 0x0000000703600000, 0x0000000703600000| Untracked 
|  29|0x0000000703700000, 0x0000000703700000, 0x0000000703800000|  0%| F|  |TAMS 0x0000000703700000, 0x0000000703700000| Untracked 
|  30|0x0000000703800000, 0x0000000703800000, 0x0000000703900000|  0%| F|  |TAMS 0x0000000703800000, 0x0000000703800000| Untracked 
|  31|0x0000000703900000, 0x0000000703900000, 0x0000000703a00000|  0%| F|  |TAMS 0x0000000703900000, 0x0000000703900000| Untracked 
|  32|0x0000000703a00000, 0x0000000703a00000, 0x0000000703b00000|  0%| F|  |TAMS 0x0000000703a00000, 0x0000000703a00000| Untracked 
|  33|0x0000000703b00000, 0x0000000703b00000, 0x0000000703c00000|  0%| F|  |TAMS 0x0000000703b00000, 0x0000000703b00000| Untracked 
|  34|0x0000000703c00000, 0x0000000703c00000, 0x0000000703d00000|  0%| F|  |TAMS 0x0000000703c00000, 0x0000000703c00000| Untracked 
|  35|0x0000000703d00000, 0x0000000703d00000, 0x0000000703e00000|  0%| F|  |TAMS 0x0000000703d00000, 0x0000000703d00000| Untracked 
|  36|0x0000000703e00000, 0x0000000703e00000, 0x0000000703f00000|  0%| F|  |TAMS 0x0000000703e00000, 0x0000000703e00000| Untracked 
|  37|0x0000000703f00000, 0x0000000703f00000, 0x0000000704000000|  0%| F|  |TAMS 0x0000000703f00000, 0x0000000703f00000| Untracked 
|  38|0x0000000704000000, 0x0000000704000000, 0x0000000704100000|  0%| F|  |TAMS 0x0000000704000000, 0x0000000704000000| Untracked 
|  39|0x0000000704100000, 0x0000000704100000, 0x0000000704200000|  0%| F|  |TAMS 0x0000000704100000, 0x0000000704100000| Untracked 
|  40|0x0000000704200000, 0x0000000704200000, 0x0000000704300000|  0%| F|  |TAMS 0x0000000704200000, 0x0000000704200000| Untracked 
|  41|0x0000000704300000, 0x0000000704300000, 0x0000000704400000|  0%| F|  |TAMS 0x0000000704300000, 0x0000000704300000| Untracked 
|  42|0x0000000704400000, 0x0000000704400000, 0x0000000704500000|  0%| F|  |TAMS 0x0000000704400000, 0x0000000704400000| Untracked 
|  43|0x0000000704500000, 0x0000000704500000, 0x0000000704600000|  0%| F|  |TAMS 0x0000000704500000, 0x0000000704500000| Untracked 
|  44|0x0000000704600000, 0x0000000704600000, 0x0000000704700000|  0%| F|  |TAMS 0x0000000704600000, 0x0000000704600000| Untracked 
|  45|0x0000000704700000, 0x0000000704700000, 0x0000000704800000|  0%| F|  |TAMS 0x0000000704700000, 0x0000000704700000| Untracked 
|  46|0x0000000704800000, 0x0000000704800000, 0x0000000704900000|  0%| F|  |TAMS 0x0000000704800000, 0x0000000704800000| Untracked 
|  47|0x0000000704900000, 0x0000000704900000, 0x0000000704a00000|  0%| F|  |TAMS 0x0000000704900000, 0x0000000704900000| Untracked 
|  48|0x0000000704a00000, 0x0000000704a00000, 0x0000000704b00000|  0%| F|  |TAMS 0x0000000704a00000, 0x0000000704a00000| Untracked 
|  49|0x0000000704b00000, 0x0000000704b00000, 0x0000000704c00000|  0%| F|  |TAMS 0x0000000704b00000, 0x0000000704b00000| Untracked 
|  50|0x0000000704c00000, 0x0000000704c00000, 0x0000000704d00000|  0%| F|  |TAMS 0x0000000704c00000, 0x0000000704c00000| Untracked 
|  51|0x0000000704d00000, 0x0000000704d00000, 0x0000000704e00000|  0%| F|  |TAMS 0x0000000704d00000, 0x0000000704d00000| Untracked 
|  52|0x0000000704e00000, 0x0000000704e00000, 0x0000000704f00000|  0%| F|  |TAMS 0x0000000704e00000, 0x0000000704e00000| Untracked 
|  53|0x0000000704f00000, 0x0000000704f00000, 0x0000000705000000|  0%| F|  |TAMS 0x0000000704f00000, 0x0000000704f00000| Untracked 
|  54|0x0000000705000000, 0x0000000705000000, 0x0000000705100000|  0%| F|  |TAMS 0x0000000705000000, 0x0000000705000000| Untracked 
|  55|0x0000000705100000, 0x0000000705100000, 0x0000000705200000|  0%| F|  |TAMS 0x0000000705100000, 0x0000000705100000| Untracked 
|  56|0x0000000705200000, 0x0000000705200000, 0x0000000705300000|  0%| F|  |TAMS 0x0000000705200000, 0x0000000705200000| Untracked 
|  57|0x0000000705300000, 0x0000000705300000, 0x0000000705400000|  0%| F|  |TAMS 0x0000000705300000, 0x0000000705300000| Untracked 
|  58|0x0000000705400000, 0x0000000705400000, 0x0000000705500000|  0%| F|  |TAMS 0x0000000705400000, 0x0000000705400000| Untracked 
|  59|0x0000000705500000, 0x0000000705500000, 0x0000000705600000|  0%| F|  |TAMS 0x0000000705500000, 0x0000000705500000| Untracked 
|  60|0x0000000705600000, 0x0000000705600000, 0x0000000705700000|  0%| F|  |TAMS 0x0000000705600000, 0x0000000705600000| Untracked 
|  61|0x0000000705700000, 0x0000000705700000, 0x0000000705800000|  0%| F|  |TAMS 0x0000000705700000, 0x0000000705700000| Untracked 
|  62|0x0000000705800000, 0x0000000705800000, 0x0000000705900000|  0%| F|  |TAMS 0x0000000705800000, 0x0000000705800000| Untracked 
|  63|0x0000000705900000, 0x0000000705900000, 0x0000000705a00000|  0%| F|  |TAMS 0x0000000705900000, 0x0000000705900000| Untracked 
|  64|0x0000000705a00000, 0x0000000705a00000, 0x0000000705b00000|  0%| F|  |TAMS 0x0000000705a00000, 0x0000000705a00000| Untracked 
|  65|0x0000000705b00000, 0x0000000705b00000, 0x0000000705c00000|  0%| F|  |TAMS 0x0000000705b00000, 0x0000000705b00000| Untracked 
|  66|0x0000000705c00000, 0x0000000705c00000, 0x0000000705d00000|  0%| F|  |TAMS 0x0000000705c00000, 0x0000000705c00000| Untracked 
|  67|0x0000000705d00000, 0x0000000705d00000, 0x0000000705e00000|  0%| F|  |TAMS 0x0000000705d00000, 0x0000000705d00000| Untracked 
|  68|0x0000000705e00000, 0x0000000705e00000, 0x0000000705f00000|  0%| F|  |TAMS 0x0000000705e00000, 0x0000000705e00000| Untracked 
|  69|0x0000000705f00000, 0x0000000705f00000, 0x0000000706000000|  0%| F|  |TAMS 0x0000000705f00000, 0x0000000705f00000| Untracked 
|  70|0x0000000706000000, 0x0000000706000000, 0x0000000706100000|  0%| F|  |TAMS 0x0000000706000000, 0x0000000706000000| Untracked 
|  71|0x0000000706100000, 0x0000000706100000, 0x0000000706200000|  0%| F|  |TAMS 0x0000000706100000, 0x0000000706100000| Untracked 
|  72|0x0000000706200000, 0x0000000706200000, 0x0000000706300000|  0%| F|  |TAMS 0x0000000706200000, 0x0000000706200000| Untracked 
|  73|0x0000000706300000, 0x0000000706300000, 0x0000000706400000|  0%| F|  |TAMS 0x0000000706300000, 0x0000000706300000| Untracked 
|  74|0x0000000706400000, 0x0000000706400000, 0x0000000706500000|  0%| F|  |TAMS 0x0000000706400000, 0x0000000706400000| Untracked 
|  75|0x0000000706500000, 0x0000000706500000, 0x0000000706600000|  0%| F|  |TAMS 0x0000000706500000, 0x0000000706500000| Untracked 
|  76|0x0000000706600000, 0x0000000706600000, 0x0000000706700000|  0%| F|  |TAMS 0x0000000706600000, 0x0000000706600000| Untracked 
|  77|0x0000000706700000, 0x0000000706700000, 0x0000000706800000|  0%| F|  |TAMS 0x0000000706700000, 0x0000000706700000| Untracked 
|  78|0x0000000706800000, 0x0000000706800000, 0x0000000706900000|  0%| F|  |TAMS 0x0000000706800000, 0x0000000706800000| Untracked 
|  79|0x0000000706900000, 0x0000000706900000, 0x0000000706a00000|  0%| F|  |TAMS 0x0000000706900000, 0x0000000706900000| Untracked 
|  80|0x0000000706a00000, 0x0000000706a00000, 0x0000000706b00000|  0%| F|  |TAMS 0x0000000706a00000, 0x0000000706a00000| Untracked 
|  81|0x0000000706b00000, 0x0000000706b00000, 0x0000000706c00000|  0%| F|  |TAMS 0x0000000706b00000, 0x0000000706b00000| Untracked 
|  82|0x0000000706c00000, 0x0000000706c00000, 0x0000000706d00000|  0%| F|  |TAMS 0x0000000706c00000, 0x0000000706c00000| Untracked 
|  83|0x0000000706d00000, 0x0000000706d00000, 0x0000000706e00000|  0%| F|  |TAMS 0x0000000706d00000, 0x0000000706d00000| Untracked 
|  84|0x0000000706e00000, 0x0000000706e00000, 0x0000000706f00000|  0%| F|  |TAMS 0x0000000706e00000, 0x0000000706e00000| Untracked 
|  85|0x0000000706f00000, 0x0000000706f00000, 0x0000000707000000|  0%| F|  |TAMS 0x0000000706f00000, 0x0000000706f00000| Untracked 
|  86|0x0000000707000000, 0x0000000707000000, 0x0000000707100000|  0%| F|  |TAMS 0x0000000707000000, 0x0000000707000000| Untracked 
|  87|0x0000000707100000, 0x0000000707100000, 0x0000000707200000|  0%| F|  |TAMS 0x0000000707100000, 0x0000000707100000| Untracked 
|  88|0x0000000707200000, 0x0000000707200000, 0x0000000707300000|  0%| F|  |TAMS 0x0000000707200000, 0x0000000707200000| Untracked 
|  89|0x0000000707300000, 0x0000000707300000, 0x0000000707400000|  0%| F|  |TAMS 0x0000000707300000, 0x0000000707300000| Untracked 
|  90|0x0000000707400000, 0x0000000707400000, 0x0000000707500000|  0%| F|  |TAMS 0x0000000707400000, 0x0000000707400000| Untracked 
|  91|0x0000000707500000, 0x0000000707500000, 0x0000000707600000|  0%| F|  |TAMS 0x0000000707500000, 0x0000000707500000| Untracked 
|  92|0x0000000707600000, 0x0000000707600000, 0x0000000707700000|  0%| F|  |TAMS 0x0000000707600000, 0x0000000707600000| Untracked 
|  93|0x0000000707700000, 0x0000000707700000, 0x0000000707800000|  0%| F|  |TAMS 0x0000000707700000, 0x0000000707700000| Untracked 
|  94|0x0000000707800000, 0x0000000707800000, 0x0000000707900000|  0%| F|  |TAMS 0x0000000707800000, 0x0000000707800000| Untracked 
|  95|0x0000000707900000, 0x0000000707900000, 0x0000000707a00000|  0%| F|  |TAMS 0x0000000707900000, 0x0000000707900000| Untracked 
|  96|0x0000000707a00000, 0x0000000707a00000, 0x0000000707b00000|  0%| F|  |TAMS 0x0000000707a00000, 0x0000000707a00000| Untracked 
|  97|0x0000000707b00000, 0x0000000707b00000, 0x0000000707c00000|  0%| F|  |TAMS 0x0000000707b00000, 0x0000000707b00000| Untracked 
|  98|0x0000000707c00000, 0x0000000707c00000, 0x0000000707d00000|  0%| F|  |TAMS 0x0000000707c00000, 0x0000000707c00000| Untracked 
|  99|0x0000000707d00000, 0x0000000707d00000, 0x0000000707e00000|  0%| F|  |TAMS 0x0000000707d00000, 0x0000000707d00000| Untracked 
| 100|0x0000000707e00000, 0x0000000707e00000, 0x0000000707f00000|  0%| F|  |TAMS 0x0000000707e00000, 0x0000000707e00000| Untracked 
| 101|0x0000000707f00000, 0x0000000707f00000, 0x0000000708000000|  0%| F|  |TAMS 0x0000000707f00000, 0x0000000707f00000| Untracked 
| 102|0x0000000708000000, 0x0000000708000000, 0x0000000708100000|  0%| F|  |TAMS 0x0000000708000000, 0x0000000708000000| Untracked 
| 103|0x0000000708100000, 0x0000000708100000, 0x0000000708200000|  0%| F|  |TAMS 0x0000000708100000, 0x0000000708100000| Untracked 
| 104|0x0000000708200000, 0x0000000708200000, 0x0000000708300000|  0%| F|  |TAMS 0x0000000708200000, 0x0000000708200000| Untracked 
| 105|0x0000000708300000, 0x0000000708300000, 0x0000000708400000|  0%| F|  |TAMS 0x0000000708300000, 0x0000000708300000| Untracked 
| 106|0x0000000708400000, 0x0000000708400000, 0x0000000708500000|  0%| F|  |TAMS 0x0000000708400000, 0x0000000708400000| Untracked 
| 107|0x0000000708500000, 0x0000000708500000, 0x0000000708600000|  0%| F|  |TAMS 0x0000000708500000, 0x0000000708500000| Untracked 
| 108|0x0000000708600000, 0x0000000708600000, 0x0000000708700000|  0%| F|  |TAMS 0x0000000708600000, 0x0000000708600000| Untracked 
| 109|0x0000000708700000, 0x0000000708700000, 0x0000000708800000|  0%| F|  |TAMS 0x0000000708700000, 0x0000000708700000| Untracked 
| 110|0x0000000708800000, 0x0000000708800000, 0x0000000708900000|  0%| F|  |TAMS 0x0000000708800000, 0x0000000708800000| Untracked 
| 111|0x0000000708900000, 0x0000000708900000, 0x0000000708a00000|  0%| F|  |TAMS 0x0000000708900000, 0x0000000708900000| Untracked 
| 112|0x0000000708a00000, 0x0000000708a00000, 0x0000000708b00000|  0%| F|  |TAMS 0x0000000708a00000, 0x0000000708a00000| Untracked 
| 113|0x0000000708b00000, 0x0000000708b00000, 0x0000000708c00000|  0%| F|  |TAMS 0x0000000708b00000, 0x0000000708b00000| Untracked 
| 114|0x0000000708c00000, 0x0000000708c00000, 0x0000000708d00000|  0%| F|  |TAMS 0x0000000708c00000, 0x0000000708c00000| Untracked 
| 115|0x0000000708d00000, 0x0000000708d00000, 0x0000000708e00000|  0%| F|  |TAMS 0x0000000708d00000, 0x0000000708d00000| Untracked 
| 116|0x0000000708e00000, 0x0000000708e00000, 0x0000000708f00000|  0%| F|  |TAMS 0x0000000708e00000, 0x0000000708e00000| Untracked 
| 117|0x0000000708f00000, 0x0000000708f00000, 0x0000000709000000|  0%| F|  |TAMS 0x0000000708f00000, 0x0000000708f00000| Untracked 
| 118|0x0000000709000000, 0x0000000709000000, 0x0000000709100000|  0%| F|  |TAMS 0x0000000709000000, 0x0000000709000000| Untracked 
| 119|0x0000000709100000, 0x0000000709100000, 0x0000000709200000|  0%| F|  |TAMS 0x0000000709100000, 0x0000000709100000| Untracked 
| 120|0x0000000709200000, 0x0000000709200000, 0x0000000709300000|  0%| F|  |TAMS 0x0000000709200000, 0x0000000709200000| Untracked 
| 121|0x0000000709300000, 0x0000000709300000, 0x0000000709400000|  0%| F|  |TAMS 0x0000000709300000, 0x0000000709300000| Untracked 
| 122|0x0000000709400000, 0x0000000709400000, 0x0000000709500000|  0%| F|  |TAMS 0x0000000709400000, 0x0000000709400000| Untracked 
| 123|0x0000000709500000, 0x0000000709500000, 0x0000000709600000|  0%| F|  |TAMS 0x0000000709500000, 0x0000000709500000| Untracked 
| 124|0x0000000709600000, 0x0000000709600000, 0x0000000709700000|  0%| F|  |TAMS 0x0000000709600000, 0x0000000709600000| Untracked 
| 125|0x0000000709700000, 0x0000000709700000, 0x0000000709800000|  0%| F|  |TAMS 0x0000000709700000, 0x0000000709700000| Untracked 
| 126|0x0000000709800000, 0x0000000709800000, 0x0000000709900000|  0%| F|  |TAMS 0x0000000709800000, 0x0000000709800000| Untracked 
| 127|0x0000000709900000, 0x0000000709900000, 0x0000000709a00000|  0%| F|  |TAMS 0x0000000709900000, 0x0000000709900000| Untracked 
| 128|0x0000000709a00000, 0x0000000709a00000, 0x0000000709b00000|  0%| F|  |TAMS 0x0000000709a00000, 0x0000000709a00000| Untracked 
| 129|0x0000000709b00000, 0x0000000709b00000, 0x0000000709c00000|  0%| F|  |TAMS 0x0000000709b00000, 0x0000000709b00000| Untracked 
| 130|0x0000000709c00000, 0x0000000709c00000, 0x0000000709d00000|  0%| F|  |TAMS 0x0000000709c00000, 0x0000000709c00000| Untracked 
| 131|0x0000000709d00000, 0x0000000709d00000, 0x0000000709e00000|  0%| F|  |TAMS 0x0000000709d00000, 0x0000000709d00000| Untracked 
| 132|0x0000000709e00000, 0x0000000709e00000, 0x0000000709f00000|  0%| F|  |TAMS 0x0000000709e00000, 0x0000000709e00000| Untracked 
| 133|0x0000000709f00000, 0x0000000709f00000, 0x000000070a000000|  0%| F|  |TAMS 0x0000000709f00000, 0x0000000709f00000| Untracked 
| 134|0x000000070a000000, 0x000000070a000000, 0x000000070a100000|  0%| F|  |TAMS 0x000000070a000000, 0x000000070a000000| Untracked 
| 135|0x000000070a100000, 0x000000070a100000, 0x000000070a200000|  0%| F|  |TAMS 0x000000070a100000, 0x000000070a100000| Untracked 
| 136|0x000000070a200000, 0x000000070a200000, 0x000000070a300000|  0%| F|  |TAMS 0x000000070a200000, 0x000000070a200000| Untracked 
| 137|0x000000070a300000, 0x000000070a300000, 0x000000070a400000|  0%| F|  |TAMS 0x000000070a300000, 0x000000070a300000| Untracked 
| 138|0x000000070a400000, 0x000000070a400000, 0x000000070a500000|  0%| F|  |TAMS 0x000000070a400000, 0x000000070a400000| Untracked 
| 139|0x000000070a500000, 0x000000070a500000, 0x000000070a600000|  0%| F|  |TAMS 0x000000070a500000, 0x000000070a500000| Untracked 
| 140|0x000000070a600000, 0x000000070a600000, 0x000000070a700000|  0%| F|  |TAMS 0x000000070a600000, 0x000000070a600000| Untracked 
| 141|0x000000070a700000, 0x000000070a700000, 0x000000070a800000|  0%| F|  |TAMS 0x000000070a700000, 0x000000070a700000| Untracked 
| 142|0x000000070a800000, 0x000000070a800000, 0x000000070a900000|  0%| F|  |TAMS 0x000000070a800000, 0x000000070a800000| Untracked 
| 143|0x000000070a900000, 0x000000070a900000, 0x000000070aa00000|  0%| F|  |TAMS 0x000000070a900000, 0x000000070a900000| Untracked 
| 144|0x000000070aa00000, 0x000000070aa00000, 0x000000070ab00000|  0%| F|  |TAMS 0x000000070aa00000, 0x000000070aa00000| Untracked 
| 145|0x000000070ab00000, 0x000000070ab00000, 0x000000070ac00000|  0%| F|  |TAMS 0x000000070ab00000, 0x000000070ab00000| Untracked 
| 146|0x000000070ac00000, 0x000000070ac00000, 0x000000070ad00000|  0%| F|  |TAMS 0x000000070ac00000, 0x000000070ac00000| Untracked 
| 147|0x000000070ad00000, 0x000000070ad00000, 0x000000070ae00000|  0%| F|  |TAMS 0x000000070ad00000, 0x000000070ad00000| Untracked 
| 148|0x000000070ae00000, 0x000000070ae00000, 0x000000070af00000|  0%| F|  |TAMS 0x000000070ae00000, 0x000000070ae00000| Untracked 
| 149|0x000000070af00000, 0x000000070af00000, 0x000000070b000000|  0%| F|  |TAMS 0x000000070af00000, 0x000000070af00000| Untracked 
| 150|0x000000070b000000, 0x000000070b000000, 0x000000070b100000|  0%| F|  |TAMS 0x000000070b000000, 0x000000070b000000| Untracked 
| 151|0x000000070b100000, 0x000000070b100000, 0x000000070b200000|  0%| F|  |TAMS 0x000000070b100000, 0x000000070b100000| Untracked 
| 152|0x000000070b200000, 0x000000070b200000, 0x000000070b300000|  0%| F|  |TAMS 0x000000070b200000, 0x000000070b200000| Untracked 
| 153|0x000000070b300000, 0x000000070b300000, 0x000000070b400000|  0%| F|  |TAMS 0x000000070b300000, 0x000000070b300000| Untracked 
| 154|0x000000070b400000, 0x000000070b400000, 0x000000070b500000|  0%| F|  |TAMS 0x000000070b400000, 0x000000070b400000| Untracked 
| 155|0x000000070b500000, 0x000000070b500000, 0x000000070b600000|  0%| F|  |TAMS 0x000000070b500000, 0x000000070b500000| Untracked 
| 156|0x000000070b600000, 0x000000070b600000, 0x000000070b700000|  0%| F|  |TAMS 0x000000070b600000, 0x000000070b600000| Untracked 
| 157|0x000000070b700000, 0x000000070b700000, 0x000000070b800000|  0%| F|  |TAMS 0x000000070b700000, 0x000000070b700000| Untracked 
| 158|0x000000070b800000, 0x000000070b800000, 0x000000070b900000|  0%| F|  |TAMS 0x000000070b800000, 0x000000070b800000| Untracked 
| 159|0x000000070b900000, 0x000000070b900000, 0x000000070ba00000|  0%| F|  |TAMS 0x000000070b900000, 0x000000070b900000| Untracked 
| 160|0x000000070ba00000, 0x000000070ba00000, 0x000000070bb00000|  0%| F|  |TAMS 0x000000070ba00000, 0x000000070ba00000| Untracked 
| 161|0x000000070bb00000, 0x000000070bb00000, 0x000000070bc00000|  0%| F|  |TAMS 0x000000070bb00000, 0x000000070bb00000| Untracked 
| 162|0x000000070bc00000, 0x000000070bc00000, 0x000000070bd00000|  0%| F|  |TAMS 0x000000070bc00000, 0x000000070bc00000| Untracked 
| 163|0x000000070bd00000, 0x000000070bd00000, 0x000000070be00000|  0%| F|  |TAMS 0x000000070bd00000, 0x000000070bd00000| Untracked 
| 164|0x000000070be00000, 0x000000070be00000, 0x000000070bf00000|  0%| F|  |TAMS 0x000000070be00000, 0x000000070be00000| Untracked 
| 165|0x000000070bf00000, 0x000000070bf00000, 0x000000070c000000|  0%| F|  |TAMS 0x000000070bf00000, 0x000000070bf00000| Untracked 
| 166|0x000000070c000000, 0x000000070c000000, 0x000000070c100000|  0%| F|  |TAMS 0x000000070c000000, 0x000000070c000000| Untracked 
| 167|0x000000070c100000, 0x000000070c100000, 0x000000070c200000|  0%| F|  |TAMS 0x000000070c100000, 0x000000070c100000| Untracked 
| 168|0x000000070c200000, 0x000000070c200000, 0x000000070c300000|  0%| F|  |TAMS 0x000000070c200000, 0x000000070c200000| Untracked 
| 169|0x000000070c300000, 0x000000070c300000, 0x000000070c400000|  0%| F|  |TAMS 0x000000070c300000, 0x000000070c300000| Untracked 
| 170|0x000000070c400000, 0x000000070c400000, 0x000000070c500000|  0%| F|  |TAMS 0x000000070c400000, 0x000000070c400000| Untracked 
| 171|0x000000070c500000, 0x000000070c500000, 0x000000070c600000|  0%| F|  |TAMS 0x000000070c500000, 0x000000070c500000| Untracked 
| 172|0x000000070c600000, 0x000000070c600000, 0x000000070c700000|  0%| F|  |TAMS 0x000000070c600000, 0x000000070c600000| Untracked 
| 173|0x000000070c700000, 0x000000070c700000, 0x000000070c800000|  0%| F|  |TAMS 0x000000070c700000, 0x000000070c700000| Untracked 
| 174|0x000000070c800000, 0x000000070c800000, 0x000000070c900000|  0%| F|  |TAMS 0x000000070c800000, 0x000000070c800000| Untracked 
| 175|0x000000070c900000, 0x000000070c900000, 0x000000070ca00000|  0%| F|  |TAMS 0x000000070c900000, 0x000000070c900000| Untracked 
| 176|0x000000070ca00000, 0x000000070ca00000, 0x000000070cb00000|  0%| F|  |TAMS 0x000000070ca00000, 0x000000070ca00000| Untracked 
| 177|0x000000070cb00000, 0x000000070cb00000, 0x000000070cc00000|  0%| F|  |TAMS 0x000000070cb00000, 0x000000070cb00000| Untracked 
| 178|0x000000070cc00000, 0x000000070cc00000, 0x000000070cd00000|  0%| F|  |TAMS 0x000000070cc00000, 0x000000070cc00000| Untracked 
| 179|0x000000070cd00000, 0x000000070cd00000, 0x000000070ce00000|  0%| F|  |TAMS 0x000000070cd00000, 0x000000070cd00000| Untracked 
| 180|0x000000070ce00000, 0x000000070ce00000, 0x000000070cf00000|  0%| F|  |TAMS 0x000000070ce00000, 0x000000070ce00000| Untracked 
| 181|0x000000070cf00000, 0x000000070cf00000, 0x000000070d000000|  0%| F|  |TAMS 0x000000070cf00000, 0x000000070cf00000| Untracked 
| 182|0x000000070d000000, 0x000000070d000000, 0x000000070d100000|  0%| F|  |TAMS 0x000000070d000000, 0x000000070d000000| Untracked 
| 183|0x000000070d100000, 0x000000070d100000, 0x000000070d200000|  0%| F|  |TAMS 0x000000070d100000, 0x000000070d100000| Untracked 
| 184|0x000000070d200000, 0x000000070d200000, 0x000000070d300000|  0%| F|  |TAMS 0x000000070d200000, 0x000000070d200000| Untracked 
| 185|0x000000070d300000, 0x000000070d300000, 0x000000070d400000|  0%| F|  |TAMS 0x000000070d300000, 0x000000070d300000| Untracked 
| 186|0x000000070d400000, 0x000000070d400000, 0x000000070d500000|  0%| F|  |TAMS 0x000000070d400000, 0x000000070d400000| Untracked 
| 187|0x000000070d500000, 0x000000070d500000, 0x000000070d600000|  0%| F|  |TAMS 0x000000070d500000, 0x000000070d500000| Untracked 
| 188|0x000000070d600000, 0x000000070d600000, 0x000000070d700000|  0%| F|  |TAMS 0x000000070d600000, 0x000000070d600000| Untracked 
| 189|0x000000070d700000, 0x000000070d700000, 0x000000070d800000|  0%| F|  |TAMS 0x000000070d700000, 0x000000070d700000| Untracked 
| 190|0x000000070d800000, 0x000000070d800000, 0x000000070d900000|  0%| F|  |TAMS 0x000000070d800000, 0x000000070d800000| Untracked 
| 191|0x000000070d900000, 0x000000070d900000, 0x000000070da00000|  0%| F|  |TAMS 0x000000070d900000, 0x000000070d900000| Untracked 
| 192|0x000000070da00000, 0x000000070da00000, 0x000000070db00000|  0%| F|  |TAMS 0x000000070da00000, 0x000000070da00000| Untracked 
| 193|0x000000070db00000, 0x000000070db00000, 0x000000070dc00000|  0%| F|  |TAMS 0x000000070db00000, 0x000000070db00000| Untracked 
| 194|0x000000070dc00000, 0x000000070dc00000, 0x000000070dd00000|  0%| F|  |TAMS 0x000000070dc00000, 0x000000070dc00000| Untracked 
| 195|0x000000070dd00000, 0x000000070dd00000, 0x000000070de00000|  0%| F|  |TAMS 0x000000070dd00000, 0x000000070dd00000| Untracked 
| 196|0x000000070de00000, 0x000000070de00000, 0x000000070df00000|  0%| F|  |TAMS 0x000000070de00000, 0x000000070de00000| Untracked 
| 197|0x000000070df00000, 0x000000070df00000, 0x000000070e000000|  0%| F|  |TAMS 0x000000070df00000, 0x000000070df00000| Untracked 
| 198|0x000000070e000000, 0x000000070e000000, 0x000000070e100000|  0%| F|  |TAMS 0x000000070e000000, 0x000000070e000000| Untracked 
| 199|0x000000070e100000, 0x000000070e100000, 0x000000070e200000|  0%| F|  |TAMS 0x000000070e100000, 0x000000070e100000| Untracked 
| 200|0x000000070e200000, 0x000000070e200000, 0x000000070e300000|  0%| F|  |TAMS 0x000000070e200000, 0x000000070e200000| Untracked 
| 201|0x000000070e300000, 0x000000070e300000, 0x000000070e400000|  0%| F|  |TAMS 0x000000070e300000, 0x000000070e300000| Untracked 
| 202|0x000000070e400000, 0x000000070e400000, 0x000000070e500000|  0%| F|  |TAMS 0x000000070e400000, 0x000000070e400000| Untracked 
| 203|0x000000070e500000, 0x000000070e500000, 0x000000070e600000|  0%| F|  |TAMS 0x000000070e500000, 0x000000070e500000| Untracked 
| 204|0x000000070e600000, 0x000000070e600000, 0x000000070e700000|  0%| F|  |TAMS 0x000000070e600000, 0x000000070e600000| Untracked 
| 205|0x000000070e700000, 0x000000070e700000, 0x000000070e800000|  0%| F|  |TAMS 0x000000070e700000, 0x000000070e700000| Untracked 
| 206|0x000000070e800000, 0x000000070e800000, 0x000000070e900000|  0%| F|  |TAMS 0x000000070e800000, 0x000000070e800000| Untracked 
| 207|0x000000070e900000, 0x000000070e900000, 0x000000070ea00000|  0%| F|  |TAMS 0x000000070e900000, 0x000000070e900000| Untracked 
| 208|0x000000070ea00000, 0x000000070ea00000, 0x000000070eb00000|  0%| F|  |TAMS 0x000000070ea00000, 0x000000070ea00000| Untracked 
| 209|0x000000070eb00000, 0x000000070eb00000, 0x000000070ec00000|  0%| F|  |TAMS 0x000000070eb00000, 0x000000070eb00000| Untracked 
| 210|0x000000070ec00000, 0x000000070ec00000, 0x000000070ed00000|  0%| F|  |TAMS 0x000000070ec00000, 0x000000070ec00000| Untracked 
| 211|0x000000070ed00000, 0x000000070ed00000, 0x000000070ee00000|  0%| F|  |TAMS 0x000000070ed00000, 0x000000070ed00000| Untracked 
| 212|0x000000070ee00000, 0x000000070ee00000, 0x000000070ef00000|  0%| F|  |TAMS 0x000000070ee00000, 0x000000070ee00000| Untracked 
| 213|0x000000070ef00000, 0x000000070ef00000, 0x000000070f000000|  0%| F|  |TAMS 0x000000070ef00000, 0x000000070ef00000| Untracked 
| 214|0x000000070f000000, 0x000000070f000000, 0x000000070f100000|  0%| F|  |TAMS 0x000000070f000000, 0x000000070f000000| Untracked 
| 215|0x000000070f100000, 0x000000070f100000, 0x000000070f200000|  0%| F|  |TAMS 0x000000070f100000, 0x000000070f100000| Untracked 
| 216|0x000000070f200000, 0x000000070f200000, 0x000000070f300000|  0%| F|  |TAMS 0x000000070f200000, 0x000000070f200000| Untracked 
| 217|0x000000070f300000, 0x000000070f300000, 0x000000070f400000|  0%| F|  |TAMS 0x000000070f300000, 0x000000070f300000| Untracked 
| 218|0x000000070f400000, 0x000000070f400000, 0x000000070f500000|  0%| F|  |TAMS 0x000000070f400000, 0x000000070f400000| Untracked 
| 219|0x000000070f500000, 0x000000070f500000, 0x000000070f600000|  0%| F|  |TAMS 0x000000070f500000, 0x000000070f500000| Untracked 
| 220|0x000000070f600000, 0x000000070f600000, 0x000000070f700000|  0%| F|  |TAMS 0x000000070f600000, 0x000000070f600000| Untracked 
| 221|0x000000070f700000, 0x000000070f700000, 0x000000070f800000|  0%| F|  |TAMS 0x000000070f700000, 0x000000070f700000| Untracked 
| 222|0x000000070f800000, 0x000000070f800000, 0x000000070f900000|  0%| F|  |TAMS 0x000000070f800000, 0x000000070f800000| Untracked 
| 223|0x000000070f900000, 0x000000070f900000, 0x000000070fa00000|  0%| F|  |TAMS 0x000000070f900000, 0x000000070f900000| Untracked 
| 224|0x000000070fa00000, 0x000000070fa00000, 0x000000070fb00000|  0%| F|  |TAMS 0x000000070fa00000, 0x000000070fa00000| Untracked 
| 225|0x000000070fb00000, 0x000000070fb00000, 0x000000070fc00000|  0%| F|  |TAMS 0x000000070fb00000, 0x000000070fb00000| Untracked 
| 226|0x000000070fc00000, 0x000000070fc00000, 0x000000070fd00000|  0%| F|  |TAMS 0x000000070fc00000, 0x000000070fc00000| Untracked 
| 227|0x000000070fd00000, 0x000000070fd00000, 0x000000070fe00000|  0%| F|  |TAMS 0x000000070fd00000, 0x000000070fd00000| Untracked 
| 228|0x000000070fe00000, 0x000000070fe00000, 0x000000070ff00000|  0%| F|  |TAMS 0x000000070fe00000, 0x000000070fe00000| Untracked 
| 229|0x000000070ff00000, 0x0000000710000000, 0x0000000710000000|100%| S|CS|TAMS 0x000000070ff00000, 0x000000070ff00000| Complete 
| 230|0x0000000710000000, 0x0000000710100000, 0x0000000710100000|100%| S|CS|TAMS 0x0000000710000000, 0x0000000710000000| Complete 
| 231|0x0000000710100000, 0x0000000710200000, 0x0000000710200000|100%| S|CS|TAMS 0x0000000710100000, 0x0000000710100000| Complete 
| 232|0x0000000710200000, 0x0000000710200000, 0x0000000710300000|  0%| F|  |TAMS 0x0000000710200000, 0x0000000710200000| Untracked 
| 233|0x0000000710300000, 0x0000000710300000, 0x0000000710400000|  0%| F|  |TAMS 0x0000000710300000, 0x0000000710300000| Untracked 
| 234|0x0000000710400000, 0x0000000710400000, 0x0000000710500000|  0%| F|  |TAMS 0x0000000710400000, 0x0000000710400000| Untracked 
| 235|0x0000000710500000, 0x0000000710500000, 0x0000000710600000|  0%| F|  |TAMS 0x0000000710500000, 0x0000000710500000| Untracked 
| 236|0x0000000710600000, 0x0000000710700000, 0x0000000710700000|100%| E|  |TAMS 0x0000000710600000, 0x0000000710600000| Complete 
| 237|0x0000000710700000, 0x0000000710800000, 0x0000000710800000|100%| E|CS|TAMS 0x0000000710700000, 0x0000000710700000| Complete 
| 238|0x0000000710800000, 0x0000000710900000, 0x0000000710900000|100%| E|CS|TAMS 0x0000000710800000, 0x0000000710800000| Complete 
| 239|0x0000000710900000, 0x0000000710a00000, 0x0000000710a00000|100%| E|CS|TAMS 0x0000000710900000, 0x0000000710900000| Complete 
| 240|0x0000000710a00000, 0x0000000710b00000, 0x0000000710b00000|100%| E|CS|TAMS 0x0000000710a00000, 0x0000000710a00000| Complete 
| 241|0x0000000710b00000, 0x0000000710c00000, 0x0000000710c00000|100%| E|CS|TAMS 0x0000000710b00000, 0x0000000710b00000| Complete 
| 242|0x0000000710c00000, 0x0000000710d00000, 0x0000000710d00000|100%| E|CS|TAMS 0x0000000710c00000, 0x0000000710c00000| Complete 
| 243|0x0000000710d00000, 0x0000000710e00000, 0x0000000710e00000|100%| E|CS|TAMS 0x0000000710d00000, 0x0000000710d00000| Complete 
| 244|0x0000000710e00000, 0x0000000710f00000, 0x0000000710f00000|100%| E|CS|TAMS 0x0000000710e00000, 0x0000000710e00000| Complete 
| 245|0x0000000710f00000, 0x0000000711000000, 0x0000000711000000|100%| E|CS|TAMS 0x0000000710f00000, 0x0000000710f00000| Complete 
| 246|0x0000000711000000, 0x0000000711100000, 0x0000000711100000|100%| E|CS|TAMS 0x0000000711000000, 0x0000000711000000| Complete 
| 247|0x0000000711100000, 0x0000000711200000, 0x0000000711200000|100%| E|CS|TAMS 0x0000000711100000, 0x0000000711100000| Complete 
| 248|0x0000000711200000, 0x0000000711300000, 0x0000000711300000|100%| E|CS|TAMS 0x0000000711200000, 0x0000000711200000| Complete 
| 249|0x0000000711300000, 0x0000000711400000, 0x0000000711400000|100%| E|CS|TAMS 0x0000000711300000, 0x0000000711300000| Complete 
| 250|0x0000000711400000, 0x0000000711500000, 0x0000000711500000|100%| E|CS|TAMS 0x0000000711400000, 0x0000000711400000| Complete 
| 251|0x0000000711500000, 0x0000000711600000, 0x0000000711600000|100%| E|CS|TAMS 0x0000000711500000, 0x0000000711500000| Complete 
| 252|0x0000000711600000, 0x0000000711700000, 0x0000000711700000|100%| E|CS|TAMS 0x0000000711600000, 0x0000000711600000| Complete 
| 253|0x0000000711700000, 0x0000000711800000, 0x0000000711800000|100%| E|CS|TAMS 0x0000000711700000, 0x0000000711700000| Complete 
| 254|0x0000000711800000, 0x0000000711900000, 0x0000000711900000|100%| E|CS|TAMS 0x0000000711800000, 0x0000000711800000| Complete 
| 255|0x0000000711900000, 0x0000000711a00000, 0x0000000711a00000|100%| E|CS|TAMS 0x0000000711900000, 0x0000000711900000| Complete 

Card table byte_map: [0x000001bae38b0000,0x000001bae40b0000] _byte_map_base: 0x000001bae00a3000

Marking Bits (Prev, Next): (CMBitMap*) 0x000001bacb8dd308, (CMBitMap*) 0x000001bacb8dd348
 Prev Bits: [0x000001bae48b0000, 0x000001bae8848000)
 Next Bits: [0x000001bae8850000, 0x000001baec7e8000)

Polling page: 0x000001bac9850000

Metaspace:

Usage:
  Non-class:     10.71 MB capacity,     9.94 MB ( 93%) used,   748.96 KB (  7%) free+waste,    42.38 KB ( <1%) overhead. 
      Class:      1.76 MB capacity,     1.55 MB ( 88%) used,   194.46 KB ( 11%) free+waste,    22.56 KB (  1%) overhead. 
       Both:     12.48 MB capacity,    11.49 MB ( 92%) used,   943.42 KB (  7%) free+waste,    64.94 KB ( <1%) overhead. 

Virtual space:
  Non-class space:       12.00 MB reserved,      10.75 MB ( 90%) committed 
      Class space:        1.00 GB reserved,       1.88 MB ( <1%) committed 
             Both:        1.01 GB reserved,      12.63 MB (  1%) committed 

Chunk freelists:
   Non-Class:  37.00 KB
       Class:  20.00 KB
        Both:  57.00 KB

MaxMetaspaceSize: 17179869184.00 GB
CompressedClassSpaceSize: 1.00 GB

CodeHeap 'non-profiled nmethods': size=120000Kb used=612Kb max_used=612Kb free=119387Kb
 bounds [0x000001badb850000, 0x000001badbac0000, 0x000001bae2d80000]
CodeHeap 'profiled nmethods': size=120000Kb used=3093Kb max_used=3093Kb free=116907Kb
 bounds [0x000001bad4320000, 0x000001bad4630000, 0x000001badb850000]
CodeHeap 'non-nmethods': size=5760Kb used=1457Kb max_used=1469Kb free=4302Kb
 bounds [0x000001bad3d80000, 0x000001bad3ff0000, 0x000001bad4320000]
 total_blobs=2923 nmethods=1609 adapters=588
 compilation: enabled
              stopped_count=0, restarted_count=0
 full_count=0

Compilation events (20 events):
Event: 1.181 Thread 0x000001baefc30800 nmethod 1590 0x000001bad4619f90 code [0x000001bad461a1e0, 0x000001bad461ada0]
Event: 1.181 Thread 0x000001baefc30800 1587       3       com.sun.javafx.css.PseudoClassState::addAll (6 bytes)
Event: 1.181 Thread 0x000001baefc30800 nmethod 1587 0x000001bad461b090 code [0x000001bad461b240, 0x000001bad461b410]
Event: 1.181 Thread 0x000001baefc30800 1589       3       javafx.scene.Node::getStyleableParent (5 bytes)
Event: 1.182 Thread 0x000001baefc30800 nmethod 1589 0x000001bad461b510 code [0x000001bad461b6e0, 0x000001bad461bc70]
Event: 1.182 Thread 0x000001baefd8f800 1591   !   4       java.util.zip.Inflater::inflate (418 bytes)
Event: 1.182 Thread 0x000001baefc30800 1592       3       javafx.scene.Node::getScene (11 bytes)
Event: 1.183 Thread 0x000001baefc30800 nmethod 1592 0x000001bad461be10 code [0x000001bad461bfe0, 0x000001bad461c4b0]
Event: 1.188 Thread 0x000001baefc2f800 nmethod 1576 0x000001badb8e6010 code [0x000001badb8e61e0, 0x000001badb8e6bb8]
Event: 1.189 Thread 0x000001baefc30800 1593       3       sun.net.www.ParseUtil::firstEncodeIndex (86 bytes)
Event: 1.190 Thread 0x000001baefc30800 nmethod 1593 0x000001bad461c610 code [0x000001bad461c860, 0x000001bad461d2b0]
Event: 1.190 Thread 0x000001baefc30800 1594  s    3       java.util.Properties::put (10 bytes)
Event: 1.190 Thread 0x000001baefc30800 nmethod 1594 0x000001bad461d690 code [0x000001bad461d840, 0x000001bad461dc30]
Event: 1.191 Thread 0x000001baefd8f800 nmethod 1591 0x000001badb8e7090 code [0x000001badb8e7260, 0x000001badb8e7c38]
Event: 1.191 Thread 0x000001baefc30800 1595       3       jdk.internal.misc.Unsafe::getAndAddInt (27 bytes)
Event: 1.191 Thread 0x000001baefc30800 nmethod 1595 0x000001bad461dd90 code [0x000001bad461df40, 0x000001bad461e1f8]
Event: 1.191 Thread 0x000001baefc30800 1596       3       java.lang.reflect.Constructor::newInstanceWithCaller (75 bytes)
Event: 1.192 Thread 0x000001baefc30800 nmethod 1596 0x000001bad461e310 code [0x000001bad461e520, 0x000001bad461ea10]
Event: 1.192 Thread 0x000001baefc30800 1597       3       jdk.internal.reflect.DelegatingConstructorAccessorImpl::newInstance (9 bytes)
Event: 1.192 Thread 0x000001baefc30800 nmethod 1597 0x000001bad461ec10 code [0x000001bad461edc0, 0x000001bad461f030]

GC Heap History (2 events):
Event: 0.746 GC heap before
{Heap before GC invocations=0 (full 0):
 garbage-first heap   total 262144K, used 23552K [0x0000000701a00000, 0x0000000800000000)
  region size 1024K, 24 young (24576K), 0 survivors (0K)
 Metaspace       used 6903K, capacity 8903K, committed 9088K, reserved 1056768K
  class space    used 863K, capacity 1103K, committed 1152K, reserved 1048576K
}
Event: 0.750 GC heap after
{Heap after GC invocations=1 (full 0):
 garbage-first heap   total 262144K, used 3347K [0x0000000701a00000, 0x0000000800000000)
  region size 1024K, 3 young (3072K), 3 survivors (3072K)
 Metaspace       used 6903K, capacity 8903K, committed 9088K, reserved 1056768K
  class space    used 863K, capacity 1103K, committed 1152K, reserved 1048576K
}

Deoptimization events (20 events):
Event: 1.167 Thread 0x000001baf0e01000 Uncommon trap: trap_request=0xffffffde fr.pc=0x000001badb8e2a94 relative=0x00000000000002d4
Event: 1.167 Thread 0x000001baf0e01000 Uncommon trap: reason=class_check action=maybe_recompile pc=0x000001badb8e2a94 method=javafx.css.CssLexer.readChar()I @ 4 c2
Event: 1.167 Thread 0x000001baf0e01000 DEOPT PACKING pc=0x000001badb8e2a94 sp=0x00000085401fd200
Event: 1.167 Thread 0x000001baf0e01000 DEOPT UNPACKING pc=0x000001bad3dc912f sp=0x00000085401fd1e0 mode 2
Event: 1.189 Thread 0x000001baf0e01000 DEOPT PACKING pc=0x000001bad445625c sp=0x00000085401fc0f0
Event: 1.189 Thread 0x000001baf0e01000 DEOPT UNPACKING pc=0x000001bad3dc964e sp=0x00000085401fb588 mode 1
Event: 1.189 Thread 0x000001baf0e01000 DEOPT PACKING pc=0x000001bad4416804 sp=0x00000085401fc1c0
Event: 1.189 Thread 0x000001baf0e01000 DEOPT UNPACKING pc=0x000001bad3dc964e sp=0x00000085401fb678 mode 1
Event: 1.189 Thread 0x000001baf0e01000 DEOPT PACKING pc=0x000001bad445625c sp=0x00000085401fc370
Event: 1.189 Thread 0x000001baf0e01000 DEOPT UNPACKING pc=0x000001bad3dc964e sp=0x00000085401fb808 mode 1
Event: 1.189 Thread 0x000001baf0e01000 DEOPT PACKING pc=0x000001bad4416804 sp=0x00000085401fc440
Event: 1.189 Thread 0x000001baf0e01000 DEOPT UNPACKING pc=0x000001bad3dc964e sp=0x00000085401fb8f8 mode 1
Event: 1.190 Thread 0x000001baf0e01000 DEOPT PACKING pc=0x000001bad445625c sp=0x00000085401fc430
Event: 1.190 Thread 0x000001baf0e01000 DEOPT UNPACKING pc=0x000001bad3dc964e sp=0x00000085401fb8c8 mode 1
Event: 1.190 Thread 0x000001baf0e01000 DEOPT PACKING pc=0x000001bad4416804 sp=0x00000085401fc500
Event: 1.190 Thread 0x000001baf0e01000 DEOPT UNPACKING pc=0x000001bad3dc964e sp=0x00000085401fb9b8 mode 1
Event: 1.191 Thread 0x000001baf0e01000 DEOPT PACKING pc=0x000001bad445625c sp=0x00000085401fc500
Event: 1.191 Thread 0x000001baf0e01000 DEOPT UNPACKING pc=0x000001bad3dc964e sp=0x00000085401fb998 mode 1
Event: 1.191 Thread 0x000001baf0e01000 DEOPT PACKING pc=0x000001bad4416804 sp=0x00000085401fc5d0
Event: 1.191 Thread 0x000001baf0e01000 DEOPT UNPACKING pc=0x000001bad3dc964e sp=0x00000085401fba88 mode 1

Classes unloaded (0 events):
No events

Classes redefined (0 events):
No events

Internal exceptions (17 events):
Event: 0.449 Thread 0x000001bacb870800 Exception <a 'java/lang/NoSuchMethodError'{0x0000000710fc0f90}: 'int java.lang.invoke.DirectMethodHandle$Holder.invokeStaticInit(java.lang.Object, java.lang.Object, java.lang.Object)'> (0x0000000710fc0f90) 
thrown [t:/workspace/open/src/hotspot/share/interpreter/linkResolver.cpp, line 767]
Event: 0.451 Thread 0x000001bacb870800 Exception <a 'java/lang/NoSuchMethodError'{0x0000000710fcbf00}: 'void java.lang.invoke.DirectMethodHandle$Holder.invokeSpecial(java.lang.Object, java.lang.Object)'> (0x0000000710fcbf00) 
thrown [t:/workspace/open/src/hotspot/share/interpreter/linkResolver.cpp, line 767]
Event: 0.484 Thread 0x000001bacb870800 Exception <a 'java/lang/NoSuchMethodError'{0x0000000710d942e8}: 'java.lang.Object java.lang.invoke.DirectMethodHandle$Holder.invokeStatic(java.lang.Object, java.lang.Object, int, java.lang.Object)'> (0x0000000710d942e8) 
thrown [t:/workspace/open/src/hotspot/share/interpreter/linkResolver.cpp, line 767]
Event: 0.485 Thread 0x000001bacb870800 Exception <a 'java/lang/NoSuchMethodError'{0x0000000710d9a5b0}: 'java.lang.Object java.lang.invoke.Invokers$Holder.linkToTargetMethod(java.lang.Object, int, java.lang.Object, java.lang.Object)'> (0x0000000710d9a5b0) 
thrown [t:/workspace/open/src/hotspot/share/interpreter/linkResolver.cpp, line 767]
Event: 0.557 Thread 0x000001baf0e01000 Exception <a 'java/lang/NoSuchMethodError'{0x0000000710a13be8}: 'void java.lang.invoke.DirectMethodHandle$Holder.invokeStaticInit(java.lang.Object)'> (0x0000000710a13be8) 
thrown [t:/workspace/open/src/hotspot/share/interpreter/linkResolver.cpp, line 767]
Event: 0.560 Thread 0x000001bacb870800 Exception <a 'java/lang/NoSuchMethodError'{0x0000000710da9770}: 'java.lang.Object java.lang.invoke.Invokers$Holder.linkToTargetMethod(java.lang.Object, java.lang.Object, java.lang.Object, java.lang.Object, java.lang.Object, java.lang.Object)'> (0x0000000710da9770) 
thrown [t:/workspace/open/src/hotspot/share/interpreter/linkResolver.cpp, line 767]
Event: 0.568 Thread 0x000001baf073c800 Exception <a 'java/lang/NoSuchMethodError'{0x0000000710a80d88}: 'void java.lang.invoke.DirectMethodHandle$Holder.invokeStatic(java.lang.Object, java.lang.Object, java.lang.Object, java.lang.Object)'> (0x0000000710a80d88) 
thrown [t:/workspace/open/src/hotspot/share/interpreter/linkResolver.cpp, line 767]
Event: 0.711 Thread 0x000001baf0e01000 Exception <a 'java/lang/NoSuchMethodError'{0x0000000710209588}: 'java.lang.Object java.lang.invoke.DirectMethodHandle$Holder.invokeStaticInit(java.lang.Object, java.lang.Object, java.lang.Object, java.lang.Object)'> (0x0000000710209588) 
thrown [t:/workspace/open/src/hotspot/share/interpreter/linkResolver.cpp, line 767]
Event: 0.712 Thread 0x000001baf0e01000 Exception <a 'java/lang/NullPointerException'{0x0000000710213ca0}> (0x0000000710213ca0) 
thrown [t:/workspace/open/src/hotspot/share/interpreter/linkResolver.cpp, line 1349]
Event: 0.718 Thread 0x000001baf0e01000 Exception <a 'java/lang/NoSuchMethodError'{0x0000000710249388}: 'void java.lang.invoke.DirectMethodHandle$Holder.invokeSpecial(java.lang.Object, java.lang.Object, java.lang.Object, java.lang.Object, java.lang.Object)'> (0x0000000710249388) 
thrown [t:/workspace/open/src/hotspot/share/interpreter/linkResolver.cpp, line 767]
Event: 0.758 Thread 0x000001baf0e01000 Exception <a 'java/lang/NoSuchMethodError'{0x000000071192c970}: 'java.lang.Object java.lang.invoke.DirectMethodHandle$Holder.invokeStatic(java.lang.Object, int, java.lang.Object)'> (0x000000071192c970) 
thrown [t:/workspace/open/src/hotspot/share/interpreter/linkResolver.cpp, line 767]
Event: 0.763 Thread 0x000001baf0e01000 Exception <a 'java/lang/ClassNotFoundException'{0x0000000711940770}: sun/util/logging/resources/spi/loggingProvider> (0x0000000711940770) 
thrown [t:/workspace/open/src/hotspot/share/classfile/systemDictionary.cpp, line 232]
Event: 0.924 Thread 0x000001baf0e01000 Exception <a 'java/lang/NoSuchMethodError'{0x00000007111bc9e0}: 'void java.lang.invoke.DirectMethodHandle$Holder.invokeStaticInit(java.lang.Object, java.lang.Object)'> (0x00000007111bc9e0) 
thrown [t:/workspace/open/src/hotspot/share/interpreter/linkResolver.cpp, line 767]
Event: 1.005 Thread 0x000001baf0e01000 Exception <a 'java/lang/NoSuchMethodError'{0x0000000710d5ce48}: 'java.lang.Object java.lang.invoke.Invokers$Holder.linkToTargetMethod(java.lang.Object, int, java.lang.Object)'> (0x0000000710d5ce48) 
thrown [t:/workspace/open/src/hotspot/share/interpreter/linkResolver.cpp, line 767]
Event: 1.089 Thread 0x000001baf0e01000 Exception <a 'java/lang/NoSuchMethodError'{0x0000000710b660b0}: 'int java.lang.invoke.DirectMethodHandle$Holder.invokeSpecialIFC(java.lang.Object, java.lang.Object, int)'> (0x0000000710b660b0) 
thrown [t:/workspace/open/src/hotspot/share/interpreter/linkResolver.cpp, line 767]
Event: 1.120 Thread 0x000001baf0e01000 Exception <a 'java/io/FileNotFoundException'{0x0000000710a3d938}> (0x0000000710a3d938) 
thrown [t:/workspace/open/src/hotspot/share/prims/jni.cpp, line 598]
Event: 1.142 Thread 0x000001baf0e01000 Exception <a 'java/io/FileNotFoundException'{0x000000071090da70}> (0x000000071090da70) 
thrown [t:/workspace/open/src/hotspot/share/prims/jni.cpp, line 598]

Events (20 events):
Event: 1.152 loading class javafx/scene/layout/Region
Event: 1.152 loading class javafx/scene/layout/Region done
Event: 1.159 loading class com/sun/javafx/css/CascadingStyle
Event: 1.159 loading class com/sun/javafx/css/CascadingStyle done
Event: 1.160 loading class com/sun/javafx/css/CascadingStyle
Event: 1.160 loading class com/sun/javafx/css/CascadingStyle done
Event: 1.181 loading class javafx/scene/Scene$KeyHandler
Event: 1.181 loading class javafx/scene/Scene$KeyHandler done
Event: 1.181 loading class javafx/beans/Observable
Event: 1.181 loading class javafx/beans/Observable done
Event: 1.181 loading class javafx/beans/Observable
Event: 1.181 loading class javafx/beans/Observable done
Event: 1.189 loading class com/sun/javafx/tk/quantum/spi/QuantumMessagesBundleProvider
Event: 1.189 loading class com/sun/javafx/tk/quantum/spi/QuantumMessagesBundleProvider done
Event: 1.189 loading class java/util/PropertyResourceBundle
Event: 1.189 loading class java/util/PropertyResourceBundle done
Event: 1.189 loading class sun/util/PropertyResourceBundleCharset
Event: 1.189 loading class sun/util/PropertyResourceBundleCharset done
Event: 1.190 loading class sun/util/PropertyResourceBundleCharset$PropertiesFileDecoder
Event: 1.190 loading class sun/util/PropertyResourceBundleCharset$PropertiesFileDecoder done


Dynamic libraries:
0x00007ff7fd8c0000 - 0x00007ff7fd8cf000 	C:\Program Files\Java\jdk-13.0.1\bin\java.exe
0x00007ffc83ab0000 - 0x00007ffc83ca5000 	C:\WINDOWS\SYSTEM32\ntdll.dll
0x00007ffc82170000 - 0x00007ffc8222e000 	C:\WINDOWS\System32\KERNEL32.DLL
0x00007ffc81310000 - 0x00007ffc815d8000 	C:\WINDOWS\System32\KERNELBASE.dll
0x00007ffc81610000 - 0x00007ffc81710000 	C:\WINDOWS\System32\ucrtbase.dll
0x00007ffc5bb70000 - 0x00007ffc5bb85000 	C:\Program Files\Java\jdk-13.0.1\bin\VCRUNTIME140.dll
0x00007ffc7a280000 - 0x00007ffc7a298000 	C:\Program Files\Java\jdk-13.0.1\bin\jli.dll
0x00007ffc81b10000 - 0x00007ffc81bbe000 	C:\WINDOWS\System32\ADVAPI32.dll
0x00007ffc82310000 - 0x00007ffc823ae000 	C:\WINDOWS\System32\msvcrt.dll
0x00007ffc83380000 - 0x00007ffc8341c000 	C:\WINDOWS\System32\sechost.dll
0x00007ffc81f30000 - 0x00007ffc82055000 	C:\WINDOWS\System32\RPCRT4.dll
0x00007ffc823b0000 - 0x00007ffc82550000 	C:\WINDOWS\System32\USER32.dll
0x00007ffc815e0000 - 0x00007ffc81602000 	C:\WINDOWS\System32\win32u.dll
0x00007ffc59590000 - 0x00007ffc5982a000 	C:\WINDOWS\WinSxS\amd64_microsoft.windows.common-controls_6595b64144ccf1df_6.0.19041.1110_none_60b5254171f9507e\COMCTL32.dll
0x00007ffc83420000 - 0x00007ffc8344a000 	C:\WINDOWS\System32\GDI32.dll
0x00007ffc81200000 - 0x00007ffc8130b000 	C:\WINDOWS\System32\gdi32full.dll
0x00007ffc81a70000 - 0x00007ffc81b0d000 	C:\WINDOWS\System32\msvcp_win.dll
0x00007ffc7a020000 - 0x00007ffc7a02a000 	C:\WINDOWS\SYSTEM32\VERSION.dll
0x00007ffc83350000 - 0x00007ffc83380000 	C:\WINDOWS\System32\IMM32.DLL
0x00007ffc5bad0000 - 0x00007ffc5bb6b000 	C:\Program Files\Java\jdk-13.0.1\bin\msvcp140.dll
0x00007ffbd2c60000 - 0x00007ffbd37c6000 	C:\Program Files\Java\jdk-13.0.1\bin\server\jvm.dll
0x00007ffc822a0000 - 0x00007ffc822a8000 	C:\WINDOWS\System32\PSAPI.DLL
0x00007ffc61760000 - 0x00007ffc61787000 	C:\WINDOWS\SYSTEM32\WINMM.dll
0x00007ffc7f1c0000 - 0x00007ffc7f1c9000 	C:\WINDOWS\SYSTEM32\WSOCK32.dll
0x00007ffc82230000 - 0x00007ffc8229b000 	C:\WINDOWS\System32\WS2_32.dll
0x00007ffc7fa70000 - 0x00007ffc7fa82000 	C:\WINDOWS\SYSTEM32\kernel.appcore.dll
0x00007ffc7c9c0000 - 0x00007ffc7c9d0000 	C:\Program Files\Java\jdk-13.0.1\bin\verify.dll
0x00007ffc7ee60000 - 0x00007ffc7f044000 	C:\WINDOWS\SYSTEM32\DBGHELP.DLL
0x00007ffc74a10000 - 0x00007ffc74a3c000 	C:\WINDOWS\SYSTEM32\dbgcore.DLL
0x00007ffc81970000 - 0x00007ffc819f2000 	C:\WINDOWS\System32\bcryptPrimitives.dll
0x00007ffc5baa0000 - 0x00007ffc5bac6000 	C:\Program Files\Java\jdk-13.0.1\bin\java.dll
0x00007ffc427e0000 - 0x00007ffc42818000 	C:\Program Files\Java\jdk-13.0.1\bin\jdwp.dll
0x00007ffc5ba80000 - 0x00007ffc5ba97000 	C:\Program Files\Java\jdk-13.0.1\bin\zip.dll
0x00007ffc7ba50000 - 0x00007ffc7ba5a000 	C:\Program Files\Java\jdk-13.0.1\bin\jimage.dll
0x00007ffc829c0000 - 0x00007ffc83104000 	C:\WINDOWS\System32\SHELL32.dll
0x00007ffc7f2d0000 - 0x00007ffc7fa64000 	C:\WINDOWS\SYSTEM32\windows.storage.dll
0x00007ffc81bc0000 - 0x00007ffc81f14000 	C:\WINDOWS\System32\combase.dll
0x00007ffc80c40000 - 0x00007ffc80c6c000 	C:\WINDOWS\SYSTEM32\Wldp.dll
0x00007ffc828b0000 - 0x00007ffc8295d000 	C:\WINDOWS\System32\SHCORE.dll
0x00007ffc82060000 - 0x00007ffc820b5000 	C:\WINDOWS\System32\shlwapi.dll
0x00007ffc81110000 - 0x00007ffc8112f000 	C:\WINDOWS\SYSTEM32\profapi.dll
0x00007ffc52720000 - 0x00007ffc52739000 	C:\Program Files\Java\jdk-13.0.1\bin\net.dll
0x00007ffc6fbe0000 - 0x00007ffc6fcea000 	C:\WINDOWS\SYSTEM32\WINHTTP.dll
0x00007ffc809a0000 - 0x00007ffc80a0a000 	C:\WINDOWS\system32\mswsock.dll
0x00007ffc514f0000 - 0x00007ffc51503000 	C:\Program Files\Java\jdk-13.0.1\bin\nio.dll
0x00007ffc527e0000 - 0x00007ffc527eb000 	C:\Program Files\Java\jdk-13.0.1\bin\dt_socket.dll
0x000001bacb7d0000 - 0x000001bacb7d3000 	C:\Program Files\Java\jdk-13.0.1\bin\api-ms-win-core-console-l1-1-0.dll
0x000001bacb7e0000 - 0x000001bacb7e3000 	C:\Program Files\Java\jdk-13.0.1\bin\api-ms-win-core-datetime-l1-1-0.dll
0x000001bacb7f0000 - 0x000001bacb7f3000 	C:\Program Files\Java\jdk-13.0.1\bin\api-ms-win-core-debug-l1-1-0.dll
0x000001bacb800000 - 0x000001bacb803000 	C:\Program Files\Java\jdk-13.0.1\bin\api-ms-win-core-errorhandling-l1-1-0.dll
0x000001bacb810000 - 0x000001bacb814000 	C:\Program Files\Java\jdk-13.0.1\bin\api-ms-win-core-file-l1-1-0.dll
0x000001bacb820000 - 0x000001bacb823000 	C:\Program Files\Java\jdk-13.0.1\bin\api-ms-win-core-file-l1-2-0.dll
0x000001bacb830000 - 0x000001bacb833000 	C:\Program Files\Java\jdk-13.0.1\bin\api-ms-win-core-file-l2-1-0.dll
0x000001bacb840000 - 0x000001bacb843000 	C:\Program Files\Java\jdk-13.0.1\bin\api-ms-win-core-handle-l1-1-0.dll
0x000001baf1970000 - 0x000001baf1973000 	C:\Program Files\Java\jdk-13.0.1\bin\api-ms-win-core-heap-l1-1-0.dll
0x000001baf1980000 - 0x000001baf1983000 	C:\Program Files\Java\jdk-13.0.1\bin\api-ms-win-core-interlocked-l1-1-0.dll
0x000001baf1990000 - 0x000001baf1993000 	C:\Program Files\Java\jdk-13.0.1\bin\api-ms-win-core-libraryloader-l1-1-0.dll
0x000001baf19a0000 - 0x000001baf19a3000 	C:\Program Files\Java\jdk-13.0.1\bin\api-ms-win-core-localization-l1-2-0.dll
0x000001baf19b0000 - 0x000001baf19b3000 	C:\Program Files\Java\jdk-13.0.1\bin\api-ms-win-core-memory-l1-1-0.dll
0x000001baf19c0000 - 0x000001baf19c3000 	C:\Program Files\Java\jdk-13.0.1\bin\api-ms-win-core-namedpipe-l1-1-0.dll
0x000001baf19d0000 - 0x000001baf19d3000 	C:\Program Files\Java\jdk-13.0.1\bin\api-ms-win-core-processenvironment-l1-1-0.dll
0x000001baf19e0000 - 0x000001baf19e3000 	C:\Program Files\Java\jdk-13.0.1\bin\api-ms-win-core-processthreads-l1-1-0.dll
0x000001baf19f0000 - 0x000001baf19f3000 	C:\Program Files\Java\jdk-13.0.1\bin\api-ms-win-core-processthreads-l1-1-1.dll
0x000001baf1a00000 - 0x000001baf1a03000 	C:\Program Files\Java\jdk-13.0.1\bin\api-ms-win-core-profile-l1-1-0.dll
0x000001baf1a10000 - 0x000001baf1a13000 	C:\Program Files\Java\jdk-13.0.1\bin\api-ms-win-core-rtlsupport-l1-1-0.dll
0x000001baf1a20000 - 0x000001baf1a23000 	C:\Program Files\Java\jdk-13.0.1\bin\api-ms-win-core-string-l1-1-0.dll
0x000001baf1a30000 - 0x000001baf1a33000 	C:\Program Files\Java\jdk-13.0.1\bin\api-ms-win-core-synch-l1-1-0.dll
0x000001baf1a40000 - 0x000001baf1a43000 	C:\Program Files\Java\jdk-13.0.1\bin\api-ms-win-core-synch-l1-2-0.dll
0x000001baf1850000 - 0x000001baf1853000 	C:\Program Files\Java\jdk-13.0.1\bin\api-ms-win-core-sysinfo-l1-1-0.dll
0x000001baf1860000 - 0x000001baf1863000 	C:\Program Files\Java\jdk-13.0.1\bin\api-ms-win-core-timezone-l1-1-0.dll
0x000001baf1870000 - 0x000001baf1873000 	C:\Program Files\Java\jdk-13.0.1\bin\api-ms-win-core-util-l1-1-0.dll
0x000001baf1880000 - 0x000001baf1883000 	C:\Program Files\Java\jdk-13.0.1\bin\api-ms-win-crt-conio-l1-1-0.dll
0x000001baf1890000 - 0x000001baf1894000 	C:\Program Files\Java\jdk-13.0.1\bin\api-ms-win-crt-convert-l1-1-0.dll
0x000001baf18a0000 - 0x000001baf18a3000 	C:\Program Files\Java\jdk-13.0.1\bin\api-ms-win-crt-environment-l1-1-0.dll
0x000001baf18b0000 - 0x000001baf18b3000 	C:\Program Files\Java\jdk-13.0.1\bin\api-ms-win-crt-filesystem-l1-1-0.dll
0x000001baf18c0000 - 0x000001baf18c3000 	C:\Program Files\Java\jdk-13.0.1\bin\api-ms-win-crt-heap-l1-1-0.dll
0x000001baf18d0000 - 0x000001baf18d3000 	C:\Program Files\Java\jdk-13.0.1\bin\api-ms-win-crt-locale-l1-1-0.dll
0x000001baf18e0000 - 0x000001baf18e5000 	C:\Program Files\Java\jdk-13.0.1\bin\api-ms-win-crt-math-l1-1-0.dll
0x000001baf18f0000 - 0x000001baf18f5000 	C:\Program Files\Java\jdk-13.0.1\bin\api-ms-win-crt-multibyte-l1-1-0.dll
0x000001baf1900000 - 0x000001baf1910000 	C:\Program Files\Java\jdk-13.0.1\bin\api-ms-win-crt-private-l1-1-0.dll
0x000001baf1910000 - 0x000001baf1913000 	C:\Program Files\Java\jdk-13.0.1\bin\api-ms-win-crt-process-l1-1-0.dll
0x000001baf1920000 - 0x000001baf1924000 	C:\Program Files\Java\jdk-13.0.1\bin\api-ms-win-crt-runtime-l1-1-0.dll
0x000001baf1930000 - 0x000001baf1934000 	C:\Program Files\Java\jdk-13.0.1\bin\api-ms-win-crt-stdio-l1-1-0.dll
0x000001baf1940000 - 0x000001baf1944000 	C:\Program Files\Java\jdk-13.0.1\bin\api-ms-win-crt-string-l1-1-0.dll
0x000001baf1950000 - 0x000001baf1953000 	C:\Program Files\Java\jdk-13.0.1\bin\api-ms-win-crt-time-l1-1-0.dll
0x000001baf1960000 - 0x000001baf1963000 	C:\Program Files\Java\jdk-13.0.1\bin\api-ms-win-crt-utility-l1-1-0.dll
0x00007ffc2ac20000 - 0x00007ffc2ad1c000 	C:\Program Files\Java\jdk-13.0.1\bin\ucrtbase.dll
0x00007ffc3e450000 - 0x00007ffc3e49e000 	C:\Windows\System32\concrt140.dll
0x00007ffc5faa0000 - 0x00007ffc5faac000 	C:\WINDOWS\SYSTEM32\VCRUNTIME140_1.dll
0x00007ffc45070000 - 0x00007ffc45093000 	C:\Users\Filip\.openjfx\cache\11\prism_d3d.dll
0x00007ffc6eff0000 - 0x00007ffc6f1bf000 	C:\WINDOWS\system32\d3d9.dll
0x00007ffc7ea20000 - 0x00007ffc7ea4f000 	C:\WINDOWS\SYSTEM32\dwmapi.dll
0x00007ffc7e830000 - 0x00007ffc7e8ce000 	C:\WINDOWS\system32\uxtheme.dll
0x00007ffbecd00000 - 0x00007ffbf24e4000 	C:\WINDOWS\System32\DriverStore\FileRepository\igdlh64.inf_amd64_463164d40c3d26ce\igdumdim64.dll
0x00007ffc82680000 - 0x00007ffc8274d000 	C:\WINDOWS\System32\OLEAUT32.dll
0x00007ffc82550000 - 0x00007ffc8267a000 	C:\WINDOWS\System32\ole32.dll
0x00007ffc83600000 - 0x00007ffc83a6a000 	C:\WINDOWS\System32\SETUPAPI.dll
0x00007ffc81920000 - 0x00007ffc8196e000 	C:\WINDOWS\System32\cfgmgr32.dll
0x00007ffc811d0000 - 0x00007ffc811f7000 	C:\WINDOWS\System32\bcrypt.dll
0x00007ffc3e320000 - 0x00007ffc3e365000 	C:\Users\Filip\.openjfx\cache\11\glass.dll
0x00007ffc827d0000 - 0x00007ffc828ab000 	C:\WINDOWS\System32\COMDLG32.dll
0x00007ffc83120000 - 0x00007ffc83235000 	C:\WINDOWS\System32\MSCTF.dll
0x00007ffc74d30000 - 0x00007ffc75e8d000 	C:\WINDOWS\System32\DriverStore\FileRepository\igdlh64.inf_amd64_463164d40c3d26ce\igc64.dll
0x00007ffc7c3b0000 - 0x00007ffc7c3eb000 	C:\WINDOWS\SYSTEM32\dxcore.dll
0x00007ffc7a2f0000 - 0x00007ffc7a304000 	C:\Users\Filip\.openjfx\cache\11\javafx_font.dll
0x00007ffc441d0000 - 0x00007ffc4444f000 	C:\WINDOWS\SYSTEM32\dwrite.dll
0x00007ffc83240000 - 0x00007ffc832e9000 	C:\WINDOWS\System32\clbcatq.dll
0x00007ffc7a450000 - 0x00007ffc7a604000 	C:\WINDOWS\SYSTEM32\WindowsCodecs.dll
0x00007ffc44cc0000 - 0x00007ffc44cfe000 	C:\WINDOWS\system32\dataexchange.dll
0x00007ffc7da70000 - 0x00007ffc7dc55000 	C:\WINDOWS\system32\dcomp.dll
0x00007ffc7cb40000 - 0x00007ffc7cda4000 	C:\WINDOWS\system32\d3d11.dll
0x00007ffc7faf0000 - 0x00007ffc7fbe3000 	C:\WINDOWS\system32\dxgi.dll
0x00007ffc7a950000 - 0x00007ffc7ab51000 	C:\WINDOWS\system32\twinapi.appcore.dll
0x00007ffc3cbb0000 - 0x00007ffc3cbe4000 	C:\Program Files\Common Files\Microsoft Shared\Ink\rtscom.dll
0x00007ffc47d40000 - 0x00007ffc47e39000 	C:\WINDOWS\SYSTEM32\textinputframework.dll
0x00007ffc7dfe0000 - 0x00007ffc7e33e000 	C:\WINDOWS\System32\CoreUIComponents.dll
0x00007ffc7e340000 - 0x00007ffc7e432000 	C:\WINDOWS\System32\CoreMessaging.dll
0x00007ffc7fee0000 - 0x00007ffc7ff13000 	C:\WINDOWS\SYSTEM32\ntmarta.dll
0x00007ffc7d910000 - 0x00007ffc7da64000 	C:\WINDOWS\SYSTEM32\wintypes.dll

dbghelp: loaded successfully - version: 4.0.5 - missing functions: none
symbol engine: initialized successfully - sym options: 0x614 - pdb path: .;C:\Program Files\Java\jdk-13.0.1\bin;C:\WINDOWS\SYSTEM32;C:\WINDOWS\WinSxS\amd64_microsoft.windows.common-controls_6595b64144ccf1df_6.0.19041.1110_none_60b5254171f9507e;C:\Program Files\Java\jdk-13.0.1\bin\server;C:\Users\Filip\.openjfx\cache\11;C:\WINDOWS\System32\DriverStore\FileRepository\igdlh64.inf_amd64_463164d40c3d26ce;C:\Program Files\Common Files\Microsoft Shared\Ink

VM Arguments:
jvm_args: --add-modules=javafx.controls,javafx.fxml --module-path=C:\Users\Filip\.gradle\caches\modules-2\files-2.1\org.openjfx\javafx-fxml\11\d5ff9262ef49d166db658d15f37e3ecff38fde4b\javafx-fxml-11-win.jar;C:\Users\Filip\.gradle\caches\modules-2\files-2.1\org.openjfx\javafx-controls\11\af8d24de44e16a19ae959028eb23a48c145fb682\javafx-controls-11-win.jar;C:\Users\Filip\.gradle\caches\modules-2\files-2.1\org.openjfx\javafx-graphics\11\9345c7ea43dbcc73a62eca5332717b4ce617e6c6\javafx-graphics-11-win.jar;C:\Users\Filip\.gradle\caches\modules-2\files-2.1\org.openjfx\javafx-base\11\ad3a4acfaa28b484d30c40c1f009445cc3f6e68b\javafx-base-11-win.jar -agentlib:jdwp=transport=dt_socket,server=n,suspend=y,address=127.0.0.1:62760 -Dfile.encoding=windows-1250 -Duser.country=US -Duser.language=en -Duser.variant 
java_command: com.worwafi.Main
java_class_path (initial): D:\kola\FIIT\2 Semester\OOP\E-auction\build\classes\java\main;D:\kola\FIIT\2 Semester\OOP\E-auction\build\resources\main;C:\Users\Filip\.gradle\caches\modules-2\files-2.1\org.openjfx\javafx-fxml\11\d5ff9262ef49d166db658d15f37e3ecff38fde4b\javafx-fxml-11-win.jar;C:\Users\Filip\.gradle\caches\modules-2\files-2.1\org.openjfx\javafx-controls\11\af8d24de44e16a19ae959028eb23a48c145fb682\javafx-controls-11-win.jar;C:\Users\Filip\.gradle\caches\modules-2\files-2.1\org.openjfx\javafx-controls\11\58d961774262ec972bf304e16c154a8e18c2050b\javafx-controls-11.jar;C:\Users\Filip\.gradle\caches\modules-2\files-2.1\org.openjfx\javafx-graphics\11\9345c7ea43dbcc73a62eca5332717b4ce617e6c6\javafx-graphics-11-win.jar;C:\Users\Filip\.gradle\caches\modules-2\files-2.1\org.openjfx\javafx-graphics\11\a736dd079047ec0b72b8c4970842a5c5e0c19f2f\javafx-graphics-11.jar;C:\Users\Filip\.gradle\caches\modules-2\files-2.1\org.openjfx\javafx-base\11\ad3a4acfaa28b484d30c40c1f009445cc3f6e68b\javafx-base-11-win.jar;C:\Users\Filip\.gradle\caches\modules-2\files-2.1\org.openjfx\javafx-base\11\9fcd3e8e3227ec97bf503f7991fad1f3b14d005\javafx-base-11.jar;C:\Users\Filip\.gradle\caches\modules-2\files-2.1\com.jfoenix\jfoenix\9.0.4\b630dd9c840a8d4610a6f2f38706e21eddfebcd8\jfoenix-9.0.4.jar;C:\Users\Filip\.gradle\caches\modules-2\files-2.1\de.jensd\fontawesomefx\8.9\84f2b42df0faaf553c847e58100840aaf4507a61\fontawesomefx-8.9.jar
Launcher Type: SUN_STANDARD

[Global flags]
     intx CICompilerCount                          = 4                                         {product} {ergonomic}
     uint ConcGCThreads                            = 2                                         {product} {ergonomic}
     uint G1ConcRefinementThreads                  = 8                                         {product} {ergonomic}
   size_t G1HeapRegionSize                         = 1048576                                   {product} {ergonomic}
    uintx GCDrainStackTargetSize                   = 64                                        {product} {ergonomic}
   size_t InitialHeapSize                          = 268435456                                 {product} {ergonomic}
   size_t MarkStackSize                            = 4194304                                   {product} {ergonomic}
   size_t MaxHeapSize                              = 4267704320                                {product} {ergonomic}
   size_t MaxNewSize                               = 2560622592                                {product} {ergonomic}
   size_t MinHeapDeltaBytes                        = 1048576                                   {product} {ergonomic}
   size_t MinHeapSize                              = 8388608                                   {product} {ergonomic}
    uintx NonNMethodCodeHeapSize                   = 5836300                                {pd product} {ergonomic}
    uintx NonProfiledCodeHeapSize                  = 122910970                              {pd product} {ergonomic}
    uintx ProfiledCodeHeapSize                     = 122910970                              {pd product} {ergonomic}
    uintx ReservedCodeCacheSize                    = 251658240                              {pd product} {ergonomic}
     bool SegmentedCodeCache                       = true                                      {product} {ergonomic}
   size_t SoftMaxHeapSize                          = 4267704320                             {manageable} {ergonomic}
     bool UseCompressedClassPointers               = true                                 {lp64_product} {ergonomic}
     bool UseCompressedOops                        = true                                 {lp64_product} {ergonomic}
     bool UseG1GC                                  = true                                      {product} {ergonomic}
     bool UseLargePagesIndividualAllocation        = false                                  {pd product} {ergonomic}

Logging:
Log output configuration:
 #0: stdout all=warning uptime,level,tags
 #1: stderr all=off uptime,level,tags

Environment Variables:
PATH=C:\Python39\Scripts\;C:\Python39\;C:\Program Files (x86)\Common Files\Oracle\Java\javapath;C:\ProgramData\Oracle\Java\javapath;C:\Windows\system32;C:\Windows;C:\Windows\System32\Wbem;C:\Windows\System32\WindowsPowerShell\v1.0\;C:\WINDOWS\system32;C:\WINDOWS;C:\WINDOWS\System32\Wbem;C:\WINDOWS\System32\WindowsPowerShell\v1.0\;C:\WINDOWS\System32\OpenSSH\;C:\Program Files\Intel\WiFi\bin\;C:\Program Files\Common Files\Intel\WirelessCommon\;C:\WINDOWS\system32;C:\WINDOWS;C:\WINDOWS\System32\Wbem;C:\WINDOWS\System32\WindowsPowerShell\v1.0\;C:\WINDOWS\System32\OpenSSH\;C:\Program Files (x86)\EAC MW klient\;C:\Program Files\NVIDIA Corporation\NVIDIA NvDLISR;C:\Program Files\Git\cmd;C:\ProgramData\chocolatey\bin;C:\Users\Filip\AppData\Roaming\nvm;C:\Program Files\nodejs;C:\Program Files\PuTTY\;C:\MinGW\bin\;;C:\Program Files (x86)\NVIDIA Corporation\PhysX\Common;C:\Users\Filip\AppData\Local\Microsoft\WindowsApps;C:\Program Files\Intel\WiFi\bin\;C:\Program Files\Common Files\Intel\WirelessCommon\;C:\Users\Filip\Downloads\sqlite-dll-win64-x64-3340000;C:\Users\Filip\Downloads\sqlite-tools-win32-x86-3340000;C:\Users\Filip\AppData\Local\Programs\Microsoft VS Code\bin;C:\Users\Filip\AppData\Roaming\nvm;C:\Program Files\nodejs;C:\Users\Filip\AppData\Local\Programs\MiKTeX\miktex\bin\x64\;C:\Program Files\JetBrains\CLion 2021.2.3\bin;;C:\Program Files\JetBrains\IntelliJ IDEA Community Edition 2021.3.1\bin;;C:\Program Files\JetBrains\IntelliJ IDEA 2021.3.1\bin;
USERNAME=Filip
OS=Windows_NT
PROCESSOR_IDENTIFIER=Intel64 Family 6 Model 94 Stepping 3, GenuineIntel



---------------  S Y S T E M  ---------------

OS: Windows 10 , 64 bit Build 19041 (10.0.19041.1645)

CPU:total 8 (initial active 8) (4 cores per cpu, 2 threads per core) family 6 model 94 stepping 3, cmov, cx8, fxsr, mmx, sse, sse2, sse3, ssse3, sse4.1, sse4.2, popcnt, avx, avx2, aes, clmul, erms, rtm, 3dnowpref, lzcnt, ht, tsc, tscinvbit, bmi1, bmi2, adx, fma

Memory: 4k page, system-wide physical 16276M (2175M free)
TotalPageFile size 24583M (AvailPageFile size 5M)
current process WorkingSet (physical memory assigned to process): 144M, peak: 144M
current process commit charge ("private bytes"): 433M, peak: 433M

vm_info: Java HotSpot(TM) 64-Bit Server VM (13.0.1+9) for windows-amd64 JRE (13.0.1+9), built on Oct  6 2019 12:37:49 by "mach5one" with unknown MS VC++:1916

END.
