#
# There is insufficient memory for the Java Runtime Environment to continue.
# Native memory allocation (malloc) failed to allocate 789456 bytes for Chunk::new
# Possible reasons:
#   The system is out of physical RAM or swap space
#   The process is running with CompressedOops enabled, and the Java Heap may be blocking the growth of the native heap
# Possible solutions:
#   Reduce memory load on the system
#   Increase physical memory or swap space
#   Check if swap backing store is full
#   Decrease Java heap size (-Xmx/-Xms)
#   Decrease number of Java threads
#   Decrease Java thread stack sizes (-Xss)
#   Set larger code cache with -XX:ReservedCodeCacheSize=
#   JVM is running with Zero Based Compressed Oops mode in which the Java heap is
#     placed in the first 32GB address space. The Java Heap base address is the
#     maximum limit for the native heap growth. Please use -XX:HeapBaseMinAddress
#     to set the Java Heap base and to place the Java Heap above 32GB virtual address.
# This output file may be truncated or incomplete.
#
#  Out of Memory Error (t:/workspace/open/src/hotspot/share/memory/arena.cpp:196), pid=23228, tid=20944
#
# JRE version: Java(TM) SE Runtime Environment (13.0.1+9) (build 13.0.1+9)
# Java VM: Java HotSpot(TM) 64-Bit Server VM (13.0.1+9, mixed mode, sharing, tiered, compressed oops, g1 gc, windows-amd64)
# No core dump will be written. Minidumps are not enabled by default on client versions of Windows
#

---------------  S U M M A R Y ------------

Command Line: --add-modules=javafx.controls,javafx.fxml --module-path=C:\Users\Filip\.gradle\caches\modules-2\files-2.1\org.openjfx\javafx-fxml\11\d5ff9262ef49d166db658d15f37e3ecff38fde4b\javafx-fxml-11-win.jar;C:\Users\Filip\.gradle\caches\modules-2\files-2.1\org.openjfx\javafx-controls\11\af8d24de44e16a19ae959028eb23a48c145fb682\javafx-controls-11-win.jar;C:\Users\Filip\.gradle\caches\modules-2\files-2.1\org.openjfx\javafx-graphics\11\9345c7ea43dbcc73a62eca5332717b4ce617e6c6\javafx-graphics-11-win.jar;C:\Users\Filip\.gradle\caches\modules-2\files-2.1\org.openjfx\javafx-base\11\ad3a4acfaa28b484d30c40c1f009445cc3f6e68b\javafx-base-11-win.jar -agentlib:jdwp=transport=dt_socket,server=n,suspend=y,address=127.0.0.1:62774 -Dfile.encoding=windows-1250 -Duser.country=US -Duser.language=en -Duser.variant com.worwafi.Main

Host: Intel(R) Core(TM) i7-6700HQ CPU @ 2.60GHz, 8 cores, 15G,  Windows 10 , 64 bit Build 19041 (10.0.19041.1645)
Time: Tue May 10 22:59:21 2022 Central Europe Daylight Time elapsed time: 0 seconds (0d 0h 0m 0s)

---------------  T H R E A D  ---------------

Current thread (0x0000017d2b003800):  JavaThread "C2 CompilerThread0" daemon [_thread_in_native, id=20944, stack(0x00000070e8700000,0x00000070e8800000)]


Current CompileTask:
C2:    812  957       4       java.io.DataInputStream::readUTF (501 bytes)

Stack: [0x00000070e8700000,0x00000070e8800000]
Native frames: (J=compiled Java code, j=interpreted, Vv=VM code, C=native code)
V  [jvm.dll+0x626eca]
V  [jvm.dll+0x772c6a]
V  [jvm.dll+0x77441f]
V  [jvm.dll+0x774a23]
V  [jvm.dll+0x24da58]
V  [jvm.dll+0xc3ae7]
V  [jvm.dll+0xc406c]
V  [jvm.dll+0x35de75]
V  [jvm.dll+0x329593]
V  [jvm.dll+0x32896a]
V  [jvm.dll+0x2078c7]
V  [jvm.dll+0x206adf]
V  [jvm.dll+0x18b94c]
V  [jvm.dll+0x2159bd]
V  [jvm.dll+0x213e6b]
V  [jvm.dll+0x738b16]
V  [jvm.dll+0x731c0a]
V  [jvm.dll+0x6260c6]
C  [ucrtbase.dll+0x21bb2]
C  [KERNEL32.DLL+0x17034]
C  [ntdll.dll+0x52651]


---------------  P R O C E S S  ---------------

Threads class SMR info:
_java_thread_list=0x0000017d2bfb3cb0, length=20, elements={
0x0000017d06c71000, 0x0000017d2a75c800, 0x0000017d2a75e000, 0x0000017d2a77e800,
0x0000017d2b002800, 0x0000017d2b003800, 0x0000017d2b004800, 0x0000017d2b010000,
0x0000017d2b14e000, 0x0000017d2b1c1800, 0x0000017d2b1fd000, 0x0000017d2b8a2000,
0x0000017d2b8e9000, 0x0000017d2b9f3800, 0x0000017d2b659000, 0x0000017d2bc7e800,
0x0000017d2bc31000, 0x0000017d2baf1000, 0x0000017d2b6a3800, 0x0000017d2bfd3000
}

Java Threads: ( => current thread )
  0x0000017d06c71000 JavaThread "main" [_thread_blocked, id=18376, stack(0x00000070e7c00000,0x00000070e7d00000)]
  0x0000017d2a75c800 JavaThread "Reference Handler" daemon [_thread_blocked, id=23104, stack(0x00000070e8300000,0x00000070e8400000)]
  0x0000017d2a75e000 JavaThread "Finalizer" daemon [_thread_blocked, id=2540, stack(0x00000070e8400000,0x00000070e8500000)]
  0x0000017d2a77e800 JavaThread "Signal Dispatcher" daemon [_thread_blocked, id=1964, stack(0x00000070e8500000,0x00000070e8600000)]
  0x0000017d2b002800 JavaThread "Attach Listener" daemon [_thread_blocked, id=14944, stack(0x00000070e8600000,0x00000070e8700000)]
=>0x0000017d2b003800 JavaThread "C2 CompilerThread0" daemon [_thread_in_native, id=20944, stack(0x00000070e8700000,0x00000070e8800000)]
  0x0000017d2b004800 JavaThread "C1 CompilerThread0" daemon [_thread_blocked, id=21924, stack(0x00000070e8800000,0x00000070e8900000)]
  0x0000017d2b010000 JavaThread "Sweeper thread" daemon [_thread_blocked, id=4228, stack(0x00000070e8900000,0x00000070e8a00000)]
  0x0000017d2b14e000 JavaThread "Common-Cleaner" daemon [_thread_blocked, id=22424, stack(0x00000070e8a00000,0x00000070e8b00000)]
  0x0000017d2b1c1800 JavaThread "C2 CompilerThread1" daemon [_thread_blocked, id=19716, stack(0x00000070e8b00000,0x00000070e8c00000)]
  0x0000017d2b1fd000 JavaThread "C2 CompilerThread2" daemon [_thread_blocked, id=22948, stack(0x00000070e8c00000,0x00000070e8d00000)]
  0x0000017d2b8a2000 JavaThread "JDWP Transport Listener: dt_socket" daemon [_thread_blocked, id=12708, stack(0x00000070e8d00000,0x00000070e8e00000)]
  0x0000017d2b8e9000 JavaThread "JDWP Event Helper Thread" daemon [_thread_blocked, id=24884, stack(0x00000070e8e00000,0x00000070e8f00000)]
  0x0000017d2b9f3800 JavaThread "JDWP Command Reader" daemon [_thread_in_native, id=24448, stack(0x00000070e8f00000,0x00000070e9000000)]
  0x0000017d2b659000 JavaThread "Service Thread" daemon [_thread_blocked, id=24840, stack(0x00000070e9000000,0x00000070e9100000)]
  0x0000017d2bc7e800 JavaThread "QuantumRenderer-0" daemon [_thread_blocked, id=18272, stack(0x00000070e9200000,0x00000070e9300000)]
  0x0000017d2bc31000 JavaThread "InvokeLaterDispatcher" daemon [_thread_blocked, id=23036, stack(0x00000070e9300000,0x00000070e9400000)]
  0x0000017d2baf1000 JavaThread "JavaFX Application Thread" [_thread_blocked, id=11676, stack(0x00000070e9400000,0x00000070e9500000)]
  0x0000017d2b6a3800 JavaThread "JavaFX-Launcher" [_thread_blocked, id=24820, stack(0x00000070e9900000,0x00000070e9a00000)]
  0x0000017d2bfd3000 JavaThread "Thread-2" daemon [_thread_blocked, id=4712, stack(0x00000070e9800000,0x00000070e9900000)]

Other Threads:
  0x0000017d2a754000 VMThread "VM Thread" [stack: 0x00000070e8200000,0x00000070e8300000] [id=24296]
  0x0000017d2b363800 WatcherThread [stack: 0x00000070e9100000,0x00000070e9200000] [id=7696]
  0x0000017d06cdc800 GCTaskThread "GC Thread#0" [stack: 0x00000070e7d00000,0x00000070e7e00000] [id=13276]
  0x0000017d2c17a000 GCTaskThread "GC Thread#1" [stack: 0x00000070e9a00000,0x00000070e9b00000] [id=11352]
  0x0000017d2c0e8800 GCTaskThread "GC Thread#2" [stack: 0x00000070e9b00000,0x00000070e9c00000] [id=11224]
  0x0000017d2c131800 GCTaskThread "GC Thread#3" [stack: 0x00000070e9c00000,0x00000070e9d00000] [id=10204]
  0x0000017d2c132000 GCTaskThread "GC Thread#4" [stack: 0x00000070e9d00000,0x00000070e9e00000] [id=23192]
  0x0000017d2c1b6000 GCTaskThread "GC Thread#5" [stack: 0x00000070e9e00000,0x00000070e9f00000] [id=3188]
  0x0000017d06cfe000 ConcurrentGCThread "G1 Main Marker" [stack: 0x00000070e7e00000,0x00000070e7f00000] [id=24196]
  0x0000017d06d01000 ConcurrentGCThread "G1 Conc#0" [stack: 0x00000070e7f00000,0x00000070e8000000] [id=10504]
  0x0000017d2a651800 ConcurrentGCThread "G1 Refine#0" [stack: 0x00000070e8000000,0x00000070e8100000] [id=19676]
  0x0000017d2a652800 ConcurrentGCThread "G1 Young RemSet Sampling" [stack: 0x00000070e8100000,0x00000070e8200000] [id=10904]

Threads with active compile tasks:
C2 CompilerThread0      975  957       4       java.io.DataInputStream::readUTF (501 bytes)
C2 CompilerThread2      975 1154       4       java.io.DataInputStream::readShort (40 bytes)

VM state:not at safepoint (normal execution)

VM Mutex/Monitor currently owned by a thread: None

Heap address: 0x0000000701a00000, size: 4070 MB, Compressed Oops mode: Zero based, Oop shift amount: 3
Narrow klass base: 0x0000000800000000, Narrow klass shift: 3
Compressed class space size: 1073741824 Address: 0x0000000800b40000

Heap:
 garbage-first heap   total 262144K, used 5056K [0x0000000701a00000, 0x0000000800000000)
  region size 1024K, 6 young (6144K), 5 survivors (5120K)
 Metaspace       used 8955K, capacity 10348K, committed 10624K, reserved 1069056K
  class space    used 1178K, capacity 1371K, committed 1408K, reserved 1048576K
Heap Regions: E=young(eden), S=young(survivor), O=old, HS=humongous(starts), HC=humongous(continues), CS=collection set, F=free, A=archive, TAMS=top-at-mark-start (previous, next)
|   0|0x0000000701a00000, 0x0000000701a7b000, 0x0000000701b00000| 48%| O|  |TAMS 0x0000000701a00000, 0x0000000701a7b000| Untracked 
|   1|0x0000000701b00000, 0x0000000701b00000, 0x0000000701c00000|  0%| F|  |TAMS 0x0000000701b00000, 0x0000000701b00000| Untracked 
|   2|0x0000000701c00000, 0x0000000701c00000, 0x0000000701d00000|  0%| F|  |TAMS 0x0000000701c00000, 0x0000000701c00000| Untracked 
|   3|0x0000000701d00000, 0x0000000701d00000, 0x0000000701e00000|  0%| F|  |TAMS 0x0000000701d00000, 0x0000000701d00000| Untracked 
|   4|0x0000000701e00000, 0x0000000701e00000, 0x0000000701f00000|  0%| F|  |TAMS 0x0000000701e00000, 0x0000000701e00000| Untracked 
|   5|0x0000000701f00000, 0x0000000701f00000, 0x0000000702000000|  0%| F|  |TAMS 0x0000000701f00000, 0x0000000701f00000| Untracked 
|   6|0x0000000702000000, 0x0000000702000000, 0x0000000702100000|  0%| F|  |TAMS 0x0000000702000000, 0x0000000702000000| Untracked 
|   7|0x0000000702100000, 0x0000000702100000, 0x0000000702200000|  0%| F|  |TAMS 0x0000000702100000, 0x0000000702100000| Untracked 
|   8|0x0000000702200000, 0x0000000702200000, 0x0000000702300000|  0%| F|  |TAMS 0x0000000702200000, 0x0000000702200000| Untracked 
|   9|0x0000000702300000, 0x0000000702300000, 0x0000000702400000|  0%| F|  |TAMS 0x0000000702300000, 0x0000000702300000| Untracked 
|  10|0x0000000702400000, 0x0000000702400000, 0x0000000702500000|  0%| F|  |TAMS 0x0000000702400000, 0x0000000702400000| Untracked 
|  11|0x0000000702500000, 0x0000000702500000, 0x0000000702600000|  0%| F|  |TAMS 0x0000000702500000, 0x0000000702500000| Untracked 
|  12|0x0000000702600000, 0x0000000702600000, 0x0000000702700000|  0%| F|  |TAMS 0x0000000702600000, 0x0000000702600000| Untracked 
|  13|0x0000000702700000, 0x0000000702700000, 0x0000000702800000|  0%| F|  |TAMS 0x0000000702700000, 0x0000000702700000| Untracked 
|  14|0x0000000702800000, 0x0000000702800000, 0x0000000702900000|  0%| F|  |TAMS 0x0000000702800000, 0x0000000702800000| Untracked 
|  15|0x0000000702900000, 0x0000000702900000, 0x0000000702a00000|  0%| F|  |TAMS 0x0000000702900000, 0x0000000702900000| Untracked 
|  16|0x0000000702a00000, 0x0000000702a00000, 0x0000000702b00000|  0%| F|  |TAMS 0x0000000702a00000, 0x0000000702a00000| Untracked 
|  17|0x0000000702b00000, 0x0000000702b00000, 0x0000000702c00000|  0%| F|  |TAMS 0x0000000702b00000, 0x0000000702b00000| Untracked 
|  18|0x0000000702c00000, 0x0000000702c00000, 0x0000000702d00000|  0%| F|  |TAMS 0x0000000702c00000, 0x0000000702c00000| Untracked 
|  19|0x0000000702d00000, 0x0000000702d00000, 0x0000000702e00000|  0%| F|  |TAMS 0x0000000702d00000, 0x0000000702d00000| Untracked 
|  20|0x0000000702e00000, 0x0000000702e00000, 0x0000000702f00000|  0%| F|  |TAMS 0x0000000702e00000, 0x0000000702e00000| Untracked 
|  21|0x0000000702f00000, 0x0000000702f00000, 0x0000000703000000|  0%| F|  |TAMS 0x0000000702f00000, 0x0000000702f00000| Untracked 
|  22|0x0000000703000000, 0x0000000703000000, 0x0000000703100000|  0%| F|  |TAMS 0x0000000703000000, 0x0000000703000000| Untracked 
|  23|0x0000000703100000, 0x0000000703100000, 0x0000000703200000|  0%| F|  |TAMS 0x0000000703100000, 0x0000000703100000| Untracked 
|  24|0x0000000703200000, 0x0000000703200000, 0x0000000703300000|  0%| F|  |TAMS 0x0000000703200000, 0x0000000703200000| Untracked 
|  25|0x0000000703300000, 0x0000000703300000, 0x0000000703400000|  0%| F|  |TAMS 0x0000000703300000, 0x0000000703300000| Untracked 
|  26|0x0000000703400000, 0x0000000703400000, 0x0000000703500000|  0%| F|  |TAMS 0x0000000703400000, 0x0000000703400000| Untracked 
|  27|0x0000000703500000, 0x0000000703500000, 0x0000000703600000|  0%| F|  |TAMS 0x0000000703500000, 0x0000000703500000| Untracked 
|  28|0x0000000703600000, 0x0000000703600000, 0x0000000703700000|  0%| F|  |TAMS 0x0000000703600000, 0x0000000703600000| Untracked 
|  29|0x0000000703700000, 0x0000000703700000, 0x0000000703800000|  0%| F|  |TAMS 0x0000000703700000, 0x0000000703700000| Untracked 
|  30|0x0000000703800000, 0x0000000703800000, 0x0000000703900000|  0%| F|  |TAMS 0x0000000703800000, 0x0000000703800000| Untracked 
|  31|0x0000000703900000, 0x0000000703900000, 0x0000000703a00000|  0%| F|  |TAMS 0x0000000703900000, 0x0000000703900000| Untracked 
|  32|0x0000000703a00000, 0x0000000703a00000, 0x0000000703b00000|  0%| F|  |TAMS 0x0000000703a00000, 0x0000000703a00000| Untracked 
|  33|0x0000000703b00000, 0x0000000703b00000, 0x0000000703c00000|  0%| F|  |TAMS 0x0000000703b00000, 0x0000000703b00000| Untracked 
|  34|0x0000000703c00000, 0x0000000703c00000, 0x0000000703d00000|  0%| F|  |TAMS 0x0000000703c00000, 0x0000000703c00000| Untracked 
|  35|0x0000000703d00000, 0x0000000703d00000, 0x0000000703e00000|  0%| F|  |TAMS 0x0000000703d00000, 0x0000000703d00000| Untracked 
|  36|0x0000000703e00000, 0x0000000703e00000, 0x0000000703f00000|  0%| F|  |TAMS 0x0000000703e00000, 0x0000000703e00000| Untracked 
|  37|0x0000000703f00000, 0x0000000703f00000, 0x0000000704000000|  0%| F|  |TAMS 0x0000000703f00000, 0x0000000703f00000| Untracked 
|  38|0x0000000704000000, 0x0000000704000000, 0x0000000704100000|  0%| F|  |TAMS 0x0000000704000000, 0x0000000704000000| Untracked 
|  39|0x0000000704100000, 0x0000000704100000, 0x0000000704200000|  0%| F|  |TAMS 0x0000000704100000, 0x0000000704100000| Untracked 
|  40|0x0000000704200000, 0x0000000704200000, 0x0000000704300000|  0%| F|  |TAMS 0x0000000704200000, 0x0000000704200000| Untracked 
|  41|0x0000000704300000, 0x0000000704300000, 0x0000000704400000|  0%| F|  |TAMS 0x0000000704300000, 0x0000000704300000| Untracked 
|  42|0x0000000704400000, 0x0000000704400000, 0x0000000704500000|  0%| F|  |TAMS 0x0000000704400000, 0x0000000704400000| Untracked 
|  43|0x0000000704500000, 0x0000000704500000, 0x0000000704600000|  0%| F|  |TAMS 0x0000000704500000, 0x0000000704500000| Untracked 
|  44|0x0000000704600000, 0x0000000704600000, 0x0000000704700000|  0%| F|  |TAMS 0x0000000704600000, 0x0000000704600000| Untracked 
|  45|0x0000000704700000, 0x0000000704700000, 0x0000000704800000|  0%| F|  |TAMS 0x0000000704700000, 0x0000000704700000| Untracked 
|  46|0x0000000704800000, 0x0000000704800000, 0x0000000704900000|  0%| F|  |TAMS 0x0000000704800000, 0x0000000704800000| Untracked 
|  47|0x0000000704900000, 0x0000000704900000, 0x0000000704a00000|  0%| F|  |TAMS 0x0000000704900000, 0x0000000704900000| Untracked 
|  48|0x0000000704a00000, 0x0000000704a00000, 0x0000000704b00000|  0%| F|  |TAMS 0x0000000704a00000, 0x0000000704a00000| Untracked 
|  49|0x0000000704b00000, 0x0000000704b00000, 0x0000000704c00000|  0%| F|  |TAMS 0x0000000704b00000, 0x0000000704b00000| Untracked 
|  50|0x0000000704c00000, 0x0000000704c00000, 0x0000000704d00000|  0%| F|  |TAMS 0x0000000704c00000, 0x0000000704c00000| Untracked 
|  51|0x0000000704d00000, 0x0000000704d00000, 0x0000000704e00000|  0%| F|  |TAMS 0x0000000704d00000, 0x0000000704d00000| Untracked 
|  52|0x0000000704e00000, 0x0000000704e00000, 0x0000000704f00000|  0%| F|  |TAMS 0x0000000704e00000, 0x0000000704e00000| Untracked 
|  53|0x0000000704f00000, 0x0000000704f00000, 0x0000000705000000|  0%| F|  |TAMS 0x0000000704f00000, 0x0000000704f00000| Untracked 
|  54|0x0000000705000000, 0x0000000705000000, 0x0000000705100000|  0%| F|  |TAMS 0x0000000705000000, 0x0000000705000000| Untracked 
|  55|0x0000000705100000, 0x0000000705100000, 0x0000000705200000|  0%| F|  |TAMS 0x0000000705100000, 0x0000000705100000| Untracked 
|  56|0x0000000705200000, 0x0000000705200000, 0x0000000705300000|  0%| F|  |TAMS 0x0000000705200000, 0x0000000705200000| Untracked 
|  57|0x0000000705300000, 0x0000000705300000, 0x0000000705400000|  0%| F|  |TAMS 0x0000000705300000, 0x0000000705300000| Untracked 
|  58|0x0000000705400000, 0x0000000705400000, 0x0000000705500000|  0%| F|  |TAMS 0x0000000705400000, 0x0000000705400000| Untracked 
|  59|0x0000000705500000, 0x0000000705500000, 0x0000000705600000|  0%| F|  |TAMS 0x0000000705500000, 0x0000000705500000| Untracked 
|  60|0x0000000705600000, 0x0000000705600000, 0x0000000705700000|  0%| F|  |TAMS 0x0000000705600000, 0x0000000705600000| Untracked 
|  61|0x0000000705700000, 0x0000000705700000, 0x0000000705800000|  0%| F|  |TAMS 0x0000000705700000, 0x0000000705700000| Untracked 
|  62|0x0000000705800000, 0x0000000705800000, 0x0000000705900000|  0%| F|  |TAMS 0x0000000705800000, 0x0000000705800000| Untracked 
|  63|0x0000000705900000, 0x0000000705900000, 0x0000000705a00000|  0%| F|  |TAMS 0x0000000705900000, 0x0000000705900000| Untracked 
|  64|0x0000000705a00000, 0x0000000705a00000, 0x0000000705b00000|  0%| F|  |TAMS 0x0000000705a00000, 0x0000000705a00000| Untracked 
|  65|0x0000000705b00000, 0x0000000705b00000, 0x0000000705c00000|  0%| F|  |TAMS 0x0000000705b00000, 0x0000000705b00000| Untracked 
|  66|0x0000000705c00000, 0x0000000705c00000, 0x0000000705d00000|  0%| F|  |TAMS 0x0000000705c00000, 0x0000000705c00000| Untracked 
|  67|0x0000000705d00000, 0x0000000705d00000, 0x0000000705e00000|  0%| F|  |TAMS 0x0000000705d00000, 0x0000000705d00000| Untracked 
|  68|0x0000000705e00000, 0x0000000705e00000, 0x0000000705f00000|  0%| F|  |TAMS 0x0000000705e00000, 0x0000000705e00000| Untracked 
|  69|0x0000000705f00000, 0x0000000705f00000, 0x0000000706000000|  0%| F|  |TAMS 0x0000000705f00000, 0x0000000705f00000| Untracked 
|  70|0x0000000706000000, 0x0000000706000000, 0x0000000706100000|  0%| F|  |TAMS 0x0000000706000000, 0x0000000706000000| Untracked 
|  71|0x0000000706100000, 0x0000000706100000, 0x0000000706200000|  0%| F|  |TAMS 0x0000000706100000, 0x0000000706100000| Untracked 
|  72|0x0000000706200000, 0x0000000706200000, 0x0000000706300000|  0%| F|  |TAMS 0x0000000706200000, 0x0000000706200000| Untracked 
|  73|0x0000000706300000, 0x0000000706300000, 0x0000000706400000|  0%| F|  |TAMS 0x0000000706300000, 0x0000000706300000| Untracked 
|  74|0x0000000706400000, 0x0000000706400000, 0x0000000706500000|  0%| F|  |TAMS 0x0000000706400000, 0x0000000706400000| Untracked 
|  75|0x0000000706500000, 0x0000000706500000, 0x0000000706600000|  0%| F|  |TAMS 0x0000000706500000, 0x0000000706500000| Untracked 
|  76|0x0000000706600000, 0x0000000706600000, 0x0000000706700000|  0%| F|  |TAMS 0x0000000706600000, 0x0000000706600000| Untracked 
|  77|0x0000000706700000, 0x0000000706700000, 0x0000000706800000|  0%| F|  |TAMS 0x0000000706700000, 0x0000000706700000| Untracked 
|  78|0x0000000706800000, 0x0000000706800000, 0x0000000706900000|  0%| F|  |TAMS 0x0000000706800000, 0x0000000706800000| Untracked 
|  79|0x0000000706900000, 0x0000000706900000, 0x0000000706a00000|  0%| F|  |TAMS 0x0000000706900000, 0x0000000706900000| Untracked 
|  80|0x0000000706a00000, 0x0000000706a00000, 0x0000000706b00000|  0%| F|  |TAMS 0x0000000706a00000, 0x0000000706a00000| Untracked 
|  81|0x0000000706b00000, 0x0000000706b00000, 0x0000000706c00000|  0%| F|  |TAMS 0x0000000706b00000, 0x0000000706b00000| Untracked 
|  82|0x0000000706c00000, 0x0000000706c00000, 0x0000000706d00000|  0%| F|  |TAMS 0x0000000706c00000, 0x0000000706c00000| Untracked 
|  83|0x0000000706d00000, 0x0000000706d00000, 0x0000000706e00000|  0%| F|  |TAMS 0x0000000706d00000, 0x0000000706d00000| Untracked 
|  84|0x0000000706e00000, 0x0000000706e00000, 0x0000000706f00000|  0%| F|  |TAMS 0x0000000706e00000, 0x0000000706e00000| Untracked 
|  85|0x0000000706f00000, 0x0000000706f00000, 0x0000000707000000|  0%| F|  |TAMS 0x0000000706f00000, 0x0000000706f00000| Untracked 
|  86|0x0000000707000000, 0x0000000707000000, 0x0000000707100000|  0%| F|  |TAMS 0x0000000707000000, 0x0000000707000000| Untracked 
|  87|0x0000000707100000, 0x0000000707100000, 0x0000000707200000|  0%| F|  |TAMS 0x0000000707100000, 0x0000000707100000| Untracked 
|  88|0x0000000707200000, 0x0000000707200000, 0x0000000707300000|  0%| F|  |TAMS 0x0000000707200000, 0x0000000707200000| Untracked 
|  89|0x0000000707300000, 0x0000000707300000, 0x0000000707400000|  0%| F|  |TAMS 0x0000000707300000, 0x0000000707300000| Untracked 
|  90|0x0000000707400000, 0x0000000707400000, 0x0000000707500000|  0%| F|  |TAMS 0x0000000707400000, 0x0000000707400000| Untracked 
|  91|0x0000000707500000, 0x0000000707500000, 0x0000000707600000|  0%| F|  |TAMS 0x0000000707500000, 0x0000000707500000| Untracked 
|  92|0x0000000707600000, 0x0000000707600000, 0x0000000707700000|  0%| F|  |TAMS 0x0000000707600000, 0x0000000707600000| Untracked 
|  93|0x0000000707700000, 0x0000000707700000, 0x0000000707800000|  0%| F|  |TAMS 0x0000000707700000, 0x0000000707700000| Untracked 
|  94|0x0000000707800000, 0x0000000707800000, 0x0000000707900000|  0%| F|  |TAMS 0x0000000707800000, 0x0000000707800000| Untracked 
|  95|0x0000000707900000, 0x0000000707900000, 0x0000000707a00000|  0%| F|  |TAMS 0x0000000707900000, 0x0000000707900000| Untracked 
|  96|0x0000000707a00000, 0x0000000707a00000, 0x0000000707b00000|  0%| F|  |TAMS 0x0000000707a00000, 0x0000000707a00000| Untracked 
|  97|0x0000000707b00000, 0x0000000707b00000, 0x0000000707c00000|  0%| F|  |TAMS 0x0000000707b00000, 0x0000000707b00000| Untracked 
|  98|0x0000000707c00000, 0x0000000707c00000, 0x0000000707d00000|  0%| F|  |TAMS 0x0000000707c00000, 0x0000000707c00000| Untracked 
|  99|0x0000000707d00000, 0x0000000707d00000, 0x0000000707e00000|  0%| F|  |TAMS 0x0000000707d00000, 0x0000000707d00000| Untracked 
| 100|0x0000000707e00000, 0x0000000707e00000, 0x0000000707f00000|  0%| F|  |TAMS 0x0000000707e00000, 0x0000000707e00000| Untracked 
| 101|0x0000000707f00000, 0x0000000707f00000, 0x0000000708000000|  0%| F|  |TAMS 0x0000000707f00000, 0x0000000707f00000| Untracked 
| 102|0x0000000708000000, 0x0000000708000000, 0x0000000708100000|  0%| F|  |TAMS 0x0000000708000000, 0x0000000708000000| Untracked 
| 103|0x0000000708100000, 0x0000000708100000, 0x0000000708200000|  0%| F|  |TAMS 0x0000000708100000, 0x0000000708100000| Untracked 
| 104|0x0000000708200000, 0x0000000708200000, 0x0000000708300000|  0%| F|  |TAMS 0x0000000708200000, 0x0000000708200000| Untracked 
| 105|0x0000000708300000, 0x0000000708300000, 0x0000000708400000|  0%| F|  |TAMS 0x0000000708300000, 0x0000000708300000| Untracked 
| 106|0x0000000708400000, 0x0000000708400000, 0x0000000708500000|  0%| F|  |TAMS 0x0000000708400000, 0x0000000708400000| Untracked 
| 107|0x0000000708500000, 0x0000000708500000, 0x0000000708600000|  0%| F|  |TAMS 0x0000000708500000, 0x0000000708500000| Untracked 
| 108|0x0000000708600000, 0x0000000708600000, 0x0000000708700000|  0%| F|  |TAMS 0x0000000708600000, 0x0000000708600000| Untracked 
| 109|0x0000000708700000, 0x0000000708700000, 0x0000000708800000|  0%| F|  |TAMS 0x0000000708700000, 0x0000000708700000| Untracked 
| 110|0x0000000708800000, 0x0000000708800000, 0x0000000708900000|  0%| F|  |TAMS 0x0000000708800000, 0x0000000708800000| Untracked 
| 111|0x0000000708900000, 0x0000000708900000, 0x0000000708a00000|  0%| F|  |TAMS 0x0000000708900000, 0x0000000708900000| Untracked 
| 112|0x0000000708a00000, 0x0000000708a00000, 0x0000000708b00000|  0%| F|  |TAMS 0x0000000708a00000, 0x0000000708a00000| Untracked 
| 113|0x0000000708b00000, 0x0000000708b00000, 0x0000000708c00000|  0%| F|  |TAMS 0x0000000708b00000, 0x0000000708b00000| Untracked 
| 114|0x0000000708c00000, 0x0000000708c00000, 0x0000000708d00000|  0%| F|  |TAMS 0x0000000708c00000, 0x0000000708c00000| Untracked 
| 115|0x0000000708d00000, 0x0000000708d00000, 0x0000000708e00000|  0%| F|  |TAMS 0x0000000708d00000, 0x0000000708d00000| Untracked 
| 116|0x0000000708e00000, 0x0000000708e00000, 0x0000000708f00000|  0%| F|  |TAMS 0x0000000708e00000, 0x0000000708e00000| Untracked 
| 117|0x0000000708f00000, 0x0000000708f00000, 0x0000000709000000|  0%| F|  |TAMS 0x0000000708f00000, 0x0000000708f00000| Untracked 
| 118|0x0000000709000000, 0x0000000709000000, 0x0000000709100000|  0%| F|  |TAMS 0x0000000709000000, 0x0000000709000000| Untracked 
| 119|0x0000000709100000, 0x0000000709100000, 0x0000000709200000|  0%| F|  |TAMS 0x0000000709100000, 0x0000000709100000| Untracked 
| 120|0x0000000709200000, 0x0000000709200000, 0x0000000709300000|  0%| F|  |TAMS 0x0000000709200000, 0x0000000709200000| Untracked 
| 121|0x0000000709300000, 0x0000000709300000, 0x0000000709400000|  0%| F|  |TAMS 0x0000000709300000, 0x0000000709300000| Untracked 
| 122|0x0000000709400000, 0x0000000709400000, 0x0000000709500000|  0%| F|  |TAMS 0x0000000709400000, 0x0000000709400000| Untracked 
| 123|0x0000000709500000, 0x0000000709500000, 0x0000000709600000|  0%| F|  |TAMS 0x0000000709500000, 0x0000000709500000| Untracked 
| 124|0x0000000709600000, 0x0000000709600000, 0x0000000709700000|  0%| F|  |TAMS 0x0000000709600000, 0x0000000709600000| Untracked 
| 125|0x0000000709700000, 0x0000000709700000, 0x0000000709800000|  0%| F|  |TAMS 0x0000000709700000, 0x0000000709700000| Untracked 
| 126|0x0000000709800000, 0x0000000709800000, 0x0000000709900000|  0%| F|  |TAMS 0x0000000709800000, 0x0000000709800000| Untracked 
| 127|0x0000000709900000, 0x0000000709900000, 0x0000000709a00000|  0%| F|  |TAMS 0x0000000709900000, 0x0000000709900000| Untracked 
| 243|0x0000000710d00000, 0x0000000710d75078, 0x0000000710e00000| 45%| S|CS|TAMS 0x0000000710d00000, 0x0000000710d00000| Complete 
| 244|0x0000000710e00000, 0x0000000710f00000, 0x0000000710f00000|100%| S|CS|TAMS 0x0000000710e00000, 0x0000000710e00000| Complete 
| 245|0x0000000710f00000, 0x0000000711000000, 0x0000000711000000|100%| S|CS|TAMS 0x0000000710f00000, 0x0000000710f00000| Complete 
| 246|0x0000000711000000, 0x0000000711100000, 0x0000000711100000|100%| S|CS|TAMS 0x0000000711000000, 0x0000000711000000| Complete 
| 247|0x0000000711100000, 0x0000000711200000, 0x0000000711200000|100%| S|CS|TAMS 0x0000000711100000, 0x0000000711100000| Complete 
| 255|0x0000000711900000, 0x0000000711980000, 0x0000000711a00000| 50%| E|  |TAMS 0x0000000711900000, 0x0000000711900000| Complete 

Card table byte_map: [0x0000017d1ecb0000,0x0000017d1f4b0000] _byte_map_base: 0x0000017d1b4a3000

Marking Bits (Prev, Next): (CMBitMap*) 0x0000017d06cdd898, (CMBitMap*) 0x0000017d06cdd858
 Prev Bits: [0x0000017d23c50000, 0x0000017d27be8000)
 Next Bits: [0x0000017d1fcb0000, 0x0000017d23c48000)

Polling page: 0x0000017d04a70000

Metaspace:

Usage:
  Non-class:      8.77 MB capacity,     7.61 MB ( 87%) used,     1.13 MB ( 13%) free+waste,    28.56 KB ( <1%) overhead. 
      Class:      1.34 MB capacity,     1.15 MB ( 86%) used,   176.73 KB ( 13%) free+waste,    14.88 KB (  1%) overhead. 
       Both:     10.11 MB capacity,     8.76 MB ( 87%) used,     1.31 MB ( 13%) free+waste,    43.44 KB ( <1%) overhead. 

Virtual space:
  Non-class space:       20.00 MB reserved,       9.00 MB ( 45%) committed 
      Class space:        1.00 GB reserved,       1.38 MB ( <1%) committed 
             Both:        1.02 GB reserved,      10.38 MB ( <1%) committed 

Chunk freelists:
   Non-Class:  47.00 KB
       Class:  5.00 KB
        Both:  52.00 KB

MaxMetaspaceSize: 17179869184.00 GB
CompressedClassSpaceSize: 1.00 GB

CodeHeap 'non-profiled nmethods': size=120000Kb used=417Kb max_used=417Kb free=119582Kb
 bounds [0x0000017d16c50000, 0x0000017d16ec0000, 0x0000017d1e180000]
CodeHeap 'profiled nmethods': size=120000Kb used=2048Kb max_used=2048Kb free=117951Kb
 bounds [0x0000017d0f720000, 0x0000017d0f990000, 0x0000017d16c50000]
CodeHeap 'non-nmethods': size=5760Kb used=1365Kb max_used=1379Kb free=4394Kb
 bounds [0x0000017d0f180000, 0x0000017d0f3f0000, 0x0000017d0f720000]
 total_blobs=2241 nmethods=1153 adapters=477
 compilation: enabled
              stopped_count=0, restarted_count=0
 full_count=0

Compilation events (20 events):
Event: 0.797 Thread 0x0000017d2b004800  992       3       jdk.internal.org.objectweb.asm.MethodWriter::visitTypeInsn (116 bytes)
Event: 0.797 Thread 0x0000017d2b1fd000  995       4       java.lang.String::substring (58 bytes)
Event: 0.797 Thread 0x0000017d2b004800 nmethod 992 0x0000017d0f8c7590 code [0x0000017d0f8c7780, 0x0000017d0f8c7c10]
Event: 0.797 Thread 0x0000017d2b004800  993       3       java.lang.invoke.InvokerBytecodeGenerator::emitStoreResult (27 bytes)
Event: 0.798 Thread 0x0000017d2b004800 nmethod 993 0x0000017d0f8c7e10 code [0x0000017d0f8c7fe0, 0x0000017d0f8c83c0]
Event: 0.798 Thread 0x0000017d2b004800  994       3       java.lang.invoke.LambdaForm$NamedFunction::member (26 bytes)
Event: 0.798 Thread 0x0000017d2b004800 nmethod 994 0x0000017d0f8c8590 code [0x0000017d0f8c8740, 0x0000017d0f8c88d8]
Event: 0.798 Thread 0x0000017d2b004800  996       3       java.util.StringTokenizer::scanToken (179 bytes)
Event: 0.798 Thread 0x0000017d2b1c1800  997       4       java.lang.String::indexOf (7 bytes)
Event: 0.799 Thread 0x0000017d2b004800 nmethod 996 0x0000017d0f8c8990 code [0x0000017d0f8c8d20, 0x0000017d0f8ca460]
Event: 0.800 Thread 0x0000017d2b004800  999       3       java.util.StringTokenizer::skipDelimiters (116 bytes)
Event: 0.800 Thread 0x0000017d2b004800 nmethod 999 0x0000017d0f8cac90 code [0x0000017d0f8caf40, 0x0000017d0f8cbd70]
Event: 0.800 Thread 0x0000017d2b004800  998       3       java.util.StringTokenizer::hasMoreTokens (29 bytes)
Event: 0.801 Thread 0x0000017d2b004800 nmethod 998 0x0000017d0f8cc310 code [0x0000017d0f8cc4c0, 0x0000017d0f8cc6f0]
Event: 0.801 Thread 0x0000017d2b004800 1000       3       java.util.StringTokenizer::nextToken (92 bytes)
Event: 0.801 Thread 0x0000017d2b004800 nmethod 1000 0x0000017d0f8cc790 code [0x0000017d0f8cc980, 0x0000017d0f8ccda0]
Event: 0.801 Thread 0x0000017d2b1c1800 nmethod 997 0x0000017d16cab510 code [0x0000017d16cab6a0, 0x0000017d16cab8c8]
Event: 0.803 Thread 0x0000017d2b1fd000 nmethod 995 0x0000017d16caba90 code [0x0000017d16cabc40, 0x0000017d16cac208]
Event: 0.808 Thread 0x0000017d2b004800 1001       1       java.util.LinkedHashMap::removeEldestEntry (2 bytes)
Event: 0.808 Thread 0x0000017d2b004800 nmethod 1001 0x0000017d16cac590 code [0x0000017d16cac720, 0x0000017d16cac858]

GC Heap History (2 events):
Event: 0.770 GC heap before
{Heap before GC invocations=0 (full 0):
 garbage-first heap   total 262144K, used 23552K [0x0000000701a00000, 0x0000000800000000)
  region size 1024K, 24 young (24576K), 0 survivors (0K)
 Metaspace       used 6902K, capacity 8903K, committed 9088K, reserved 1056768K
  class space    used 863K, capacity 1103K, committed 1152K, reserved 1048576K
}
Event: 0.774 GC heap after
{Heap after GC invocations=1 (full 0):
 garbage-first heap   total 262144K, used 3564K [0x0000000701a00000, 0x0000000800000000)
  region size 1024K, 3 young (3072K), 3 survivors (3072K)
 Metaspace       used 6902K, capacity 8903K, committed 9088K, reserved 1056768K
  class space    used 863K, capacity 1103K, committed 1152K, reserved 1048576K
}

Deoptimization events (20 events):
Event: 0.691 Thread 0x0000017d2baf1000 DEOPT PACKING pc=0x0000017d16ca15d0 sp=0x00000070e94fd6a0
Event: 0.691 Thread 0x0000017d2baf1000 DEOPT UNPACKING pc=0x0000017d0f1c912f sp=0x00000070e94fd628 mode 2
Event: 0.691 Thread 0x0000017d2baf1000 Uncommon trap: trap_request=0xffffffbe fr.pc=0x0000017d16ca15d0 relative=0x0000000000000610
Event: 0.691 Thread 0x0000017d2baf1000 Uncommon trap: reason=profile_predicate action=maybe_recompile pc=0x0000017d16ca15d0 method=java.io.WinNTFileSystem.normalize(Ljava/lang/String;)Ljava/lang/String; @ 25 c2
Event: 0.691 Thread 0x0000017d2baf1000 DEOPT PACKING pc=0x0000017d16ca15d0 sp=0x00000070e94fd6a0
Event: 0.691 Thread 0x0000017d2baf1000 DEOPT UNPACKING pc=0x0000017d0f1c912f sp=0x00000070e94fd628 mode 2
Event: 0.696 Thread 0x0000017d2baf1000 Uncommon trap: trap_request=0xffffffbe fr.pc=0x0000017d16ca15d0 relative=0x0000000000000610
Event: 0.696 Thread 0x0000017d2baf1000 Uncommon trap: reason=profile_predicate action=maybe_recompile pc=0x0000017d16ca15d0 method=java.io.WinNTFileSystem.normalize(Ljava/lang/String;)Ljava/lang/String; @ 25 c2
Event: 0.696 Thread 0x0000017d2baf1000 DEOPT PACKING pc=0x0000017d16ca15d0 sp=0x00000070e94fd6a0
Event: 0.696 Thread 0x0000017d2baf1000 DEOPT UNPACKING pc=0x0000017d0f1c912f sp=0x00000070e94fd628 mode 2
Event: 0.696 Thread 0x0000017d2baf1000 Uncommon trap: trap_request=0xffffffbe fr.pc=0x0000017d16ca15d0 relative=0x0000000000000610
Event: 0.696 Thread 0x0000017d2baf1000 Uncommon trap: reason=profile_predicate action=maybe_recompile pc=0x0000017d16ca15d0 method=java.io.WinNTFileSystem.normalize(Ljava/lang/String;)Ljava/lang/String; @ 25 c2
Event: 0.696 Thread 0x0000017d2baf1000 DEOPT PACKING pc=0x0000017d16ca15d0 sp=0x00000070e94fd6a0
Event: 0.696 Thread 0x0000017d2baf1000 DEOPT UNPACKING pc=0x0000017d0f1c912f sp=0x00000070e94fd628 mode 2
Event: 0.739 Thread 0x0000017d2baf1000 DEOPT PACKING pc=0x0000017d0f801954 sp=0x00000070e94fca30
Event: 0.739 Thread 0x0000017d2baf1000 DEOPT UNPACKING pc=0x0000017d0f1c964e sp=0x00000070e94fbe90 mode 1
Event: 0.753 Thread 0x0000017d2baf1000 Uncommon trap: trap_request=0xffffff45 fr.pc=0x0000017d16c5b69c relative=0x000000000000017c
Event: 0.753 Thread 0x0000017d2baf1000 Uncommon trap: reason=unstable_if action=reinterpret pc=0x0000017d16c5b69c method=java.lang.StringLatin1.canEncode(I)Z @ 4 c2
Event: 0.753 Thread 0x0000017d2baf1000 DEOPT PACKING pc=0x0000017d16c5b69c sp=0x00000070e94fc040
Event: 0.753 Thread 0x0000017d2baf1000 DEOPT UNPACKING pc=0x0000017d0f1c912f sp=0x00000070e94fbf60 mode 2

Classes unloaded (0 events):
No events

Classes redefined (0 events):
No events

Internal exceptions (12 events):
Event: 0.467 Thread 0x0000017d06c71000 Exception <a 'java/lang/NoSuchMethodError'{0x0000000710fc0420}: 'int java.lang.invoke.DirectMethodHandle$Holder.invokeStaticInit(java.lang.Object, java.lang.Object, java.lang.Object)'> (0x0000000710fc0420) 
thrown [t:/workspace/open/src/hotspot/share/interpreter/linkResolver.cpp, line 767]
Event: 0.470 Thread 0x0000017d06c71000 Exception <a 'java/lang/NoSuchMethodError'{0x0000000710fcb390}: 'void java.lang.invoke.DirectMethodHandle$Holder.invokeSpecial(java.lang.Object, java.lang.Object)'> (0x0000000710fcb390) 
thrown [t:/workspace/open/src/hotspot/share/interpreter/linkResolver.cpp, line 767]
Event: 0.504 Thread 0x0000017d06c71000 Exception <a 'java/lang/NoSuchMethodError'{0x0000000710d94300}: 'java.lang.Object java.lang.invoke.DirectMethodHandle$Holder.invokeStatic(java.lang.Object, java.lang.Object, int, java.lang.Object)'> (0x0000000710d94300) 
thrown [t:/workspace/open/src/hotspot/share/interpreter/linkResolver.cpp, line 767]
Event: 0.504 Thread 0x0000017d06c71000 Exception <a 'java/lang/NoSuchMethodError'{0x0000000710d9a5c8}: 'java.lang.Object java.lang.invoke.Invokers$Holder.linkToTargetMethod(java.lang.Object, int, java.lang.Object, java.lang.Object)'> (0x0000000710d9a5c8) 
thrown [t:/workspace/open/src/hotspot/share/interpreter/linkResolver.cpp, line 767]
Event: 0.577 Thread 0x0000017d2baf1000 Exception <a 'java/lang/NoSuchMethodError'{0x0000000710a13be8}: 'void java.lang.invoke.DirectMethodHandle$Holder.invokeStaticInit(java.lang.Object)'> (0x0000000710a13be8) 
thrown [t:/workspace/open/src/hotspot/share/interpreter/linkResolver.cpp, line 767]
Event: 0.580 Thread 0x0000017d06c71000 Exception <a 'java/lang/NoSuchMethodError'{0x0000000710da9788}: 'java.lang.Object java.lang.invoke.Invokers$Holder.linkToTargetMethod(java.lang.Object, java.lang.Object, java.lang.Object, java.lang.Object, java.lang.Object, java.lang.Object)'> (0x0000000710da9788) 
thrown [t:/workspace/open/src/hotspot/share/interpreter/linkResolver.cpp, line 767]
Event: 0.588 Thread 0x0000017d2b6a3800 Exception <a 'java/lang/NoSuchMethodError'{0x0000000710a80d88}: 'void java.lang.invoke.DirectMethodHandle$Holder.invokeStatic(java.lang.Object, java.lang.Object, java.lang.Object, java.lang.Object)'> (0x0000000710a80d88) 
thrown [t:/workspace/open/src/hotspot/share/interpreter/linkResolver.cpp, line 767]
Event: 0.738 Thread 0x0000017d2baf1000 Exception <a 'java/lang/NoSuchMethodError'{0x0000000710203cf8}: 'java.lang.Object java.lang.invoke.DirectMethodHandle$Holder.invokeStaticInit(java.lang.Object, java.lang.Object, java.lang.Object, java.lang.Object)'> (0x0000000710203cf8) 
thrown [t:/workspace/open/src/hotspot/share/interpreter/linkResolver.cpp, line 767]
Event: 0.739 Thread 0x0000017d2baf1000 Exception <a 'java/lang/NullPointerException'{0x000000071020e8c0}> (0x000000071020e8c0) 
thrown [t:/workspace/open/src/hotspot/share/interpreter/linkResolver.cpp, line 1349]
Event: 0.744 Thread 0x0000017d2baf1000 Exception <a 'java/lang/NoSuchMethodError'{0x0000000710243fa8}: 'void java.lang.invoke.DirectMethodHandle$Holder.invokeSpecial(java.lang.Object, java.lang.Object, java.lang.Object, java.lang.Object, java.lang.Object)'> (0x0000000710243fa8) 
thrown [t:/workspace/open/src/hotspot/share/interpreter/linkResolver.cpp, line 767]
Event: 0.784 Thread 0x0000017d2baf1000 Exception <a 'java/lang/NoSuchMethodError'{0x0000000711929020}: 'java.lang.Object java.lang.invoke.DirectMethodHandle$Holder.invokeStatic(java.lang.Object, int, java.lang.Object)'> (0x0000000711929020) 
thrown [t:/workspace/open/src/hotspot/share/interpreter/linkResolver.cpp, line 767]
Event: 0.788 Thread 0x0000017d2baf1000 Exception <a 'java/lang/ClassNotFoundException'{0x000000071193ce20}: sun/util/logging/resources/spi/loggingProvider> (0x000000071193ce20) 
thrown [t:/workspace/open/src/hotspot/share/classfile/systemDictionary.cpp, line 232]

Events (20 events):
Event: 0.805 loading class java/lang/reflect/InvocationHandler done
Event: 0.805 loading class sun/reflect/annotation/AnnotationInvocationHandler done
Event: 0.805 loading class java/lang/reflect/Proxy
Event: 0.806 loading class java/lang/reflect/Proxy done
Event: 0.806 loading class jdk/internal/loader/AbstractClassLoaderValue$Sub
Event: 0.806 loading class jdk/internal/loader/AbstractClassLoaderValue$Sub done
Event: 0.806 loading class java/lang/reflect/Proxy$ProxyBuilder
Event: 0.807 loading class java/lang/reflect/Proxy$ProxyBuilder done
Event: 0.807 loading class java/util/Collections$SingletonList
Event: 0.807 loading class java/util/Collections$SingletonList done
Event: 0.807 loading class java/lang/PublicMethods
Event: 0.807 loading class java/lang/PublicMethods done
Event: 0.808 loading class java/util/LinkedHashMap$LinkedValues
Event: 0.808 loading class java/util/LinkedHashMap$LinkedValues done
Event: 0.808 loading class java/util/LinkedHashMap$LinkedValueIterator
Event: 0.808 loading class java/util/LinkedHashMap$LinkedValueIterator done
Event: 0.809 loading class java/lang/reflect/ProxyGenerator
Event: 0.809 loading class java/lang/reflect/ProxyGenerator done
Event: 0.810 loading class java/lang/reflect/ProxyGenerator$ConstantPool
Event: 0.810 loading class java/lang/reflect/ProxyGenerator$ConstantPool done


Dynamic libraries:
0x00007ff7fd8c0000 - 0x00007ff7fd8cf000 	C:\Program Files\Java\jdk-13.0.1\bin\java.exe
0x00007ffc83ab0000 - 0x00007ffc83ca5000 	C:\WINDOWS\SYSTEM32\ntdll.dll
0x00007ffc82170000 - 0x00007ffc8222e000 	C:\WINDOWS\System32\KERNEL32.DLL
0x00007ffc81310000 - 0x00007ffc815d8000 	C:\WINDOWS\System32\KERNELBASE.dll
0x00007ffc81610000 - 0x00007ffc81710000 	C:\WINDOWS\System32\ucrtbase.dll
0x00007ffc7a280000 - 0x00007ffc7a298000 	C:\Program Files\Java\jdk-13.0.1\bin\jli.dll
0x00007ffc5bb70000 - 0x00007ffc5bb85000 	C:\Program Files\Java\jdk-13.0.1\bin\VCRUNTIME140.dll
0x00007ffc81b10000 - 0x00007ffc81bbe000 	C:\WINDOWS\System32\ADVAPI32.dll
0x00007ffc82310000 - 0x00007ffc823ae000 	C:\WINDOWS\System32\msvcrt.dll
0x00007ffc83380000 - 0x00007ffc8341c000 	C:\WINDOWS\System32\sechost.dll
0x00007ffc81f30000 - 0x00007ffc82055000 	C:\WINDOWS\System32\RPCRT4.dll
0x00007ffc823b0000 - 0x00007ffc82550000 	C:\WINDOWS\System32\USER32.dll
0x00007ffc815e0000 - 0x00007ffc81602000 	C:\WINDOWS\System32\win32u.dll
0x00007ffc83420000 - 0x00007ffc8344a000 	C:\WINDOWS\System32\GDI32.dll
0x00007ffc59590000 - 0x00007ffc5982a000 	C:\WINDOWS\WinSxS\amd64_microsoft.windows.common-controls_6595b64144ccf1df_6.0.19041.1110_none_60b5254171f9507e\COMCTL32.dll
0x00007ffc81200000 - 0x00007ffc8130b000 	C:\WINDOWS\System32\gdi32full.dll
0x00007ffc81a70000 - 0x00007ffc81b0d000 	C:\WINDOWS\System32\msvcp_win.dll
0x00007ffc7a020000 - 0x00007ffc7a02a000 	C:\WINDOWS\SYSTEM32\VERSION.dll
0x00007ffc83350000 - 0x00007ffc83380000 	C:\WINDOWS\System32\IMM32.DLL
0x00007ffc5bad0000 - 0x00007ffc5bb6b000 	C:\Program Files\Java\jdk-13.0.1\bin\msvcp140.dll
0x00007ffbd2c60000 - 0x00007ffbd37c6000 	C:\Program Files\Java\jdk-13.0.1\bin\server\jvm.dll
0x00007ffc822a0000 - 0x00007ffc822a8000 	C:\WINDOWS\System32\PSAPI.DLL
0x00007ffc7f1c0000 - 0x00007ffc7f1c9000 	C:\WINDOWS\SYSTEM32\WSOCK32.dll
0x00007ffc61760000 - 0x00007ffc61787000 	C:\WINDOWS\SYSTEM32\WINMM.dll
0x00007ffc82230000 - 0x00007ffc8229b000 	C:\WINDOWS\System32\WS2_32.dll
0x00007ffc7fa70000 - 0x00007ffc7fa82000 	C:\WINDOWS\SYSTEM32\kernel.appcore.dll
0x00007ffc7c9c0000 - 0x00007ffc7c9d0000 	C:\Program Files\Java\jdk-13.0.1\bin\verify.dll
0x00007ffc7ee60000 - 0x00007ffc7f044000 	C:\WINDOWS\SYSTEM32\DBGHELP.DLL
0x00007ffc74a10000 - 0x00007ffc74a3c000 	C:\WINDOWS\SYSTEM32\dbgcore.DLL
0x00007ffc81970000 - 0x00007ffc819f2000 	C:\WINDOWS\System32\bcryptPrimitives.dll
0x00007ffc5baa0000 - 0x00007ffc5bac6000 	C:\Program Files\Java\jdk-13.0.1\bin\java.dll
0x00007ffc427e0000 - 0x00007ffc42818000 	C:\Program Files\Java\jdk-13.0.1\bin\jdwp.dll
0x00007ffc5ba80000 - 0x00007ffc5ba97000 	C:\Program Files\Java\jdk-13.0.1\bin\zip.dll
0x00007ffc7ba50000 - 0x00007ffc7ba5a000 	C:\Program Files\Java\jdk-13.0.1\bin\jimage.dll
0x00007ffc829c0000 - 0x00007ffc83104000 	C:\WINDOWS\System32\SHELL32.dll
0x00007ffc7f2d0000 - 0x00007ffc7fa64000 	C:\WINDOWS\SYSTEM32\windows.storage.dll
0x00007ffc81bc0000 - 0x00007ffc81f14000 	C:\WINDOWS\System32\combase.dll
0x00007ffc80c40000 - 0x00007ffc80c6c000 	C:\WINDOWS\SYSTEM32\Wldp.dll
0x00007ffc828b0000 - 0x00007ffc8295d000 	C:\WINDOWS\System32\SHCORE.dll
0x00007ffc82060000 - 0x00007ffc820b5000 	C:\WINDOWS\System32\shlwapi.dll
0x00007ffc81110000 - 0x00007ffc8112f000 	C:\WINDOWS\SYSTEM32\profapi.dll
0x00007ffc52720000 - 0x00007ffc52739000 	C:\Program Files\Java\jdk-13.0.1\bin\net.dll
0x00007ffc6fbe0000 - 0x00007ffc6fcea000 	C:\WINDOWS\SYSTEM32\WINHTTP.dll
0x00007ffc809a0000 - 0x00007ffc80a0a000 	C:\WINDOWS\system32\mswsock.dll
0x00007ffc514f0000 - 0x00007ffc51503000 	C:\Program Files\Java\jdk-13.0.1\bin\nio.dll
0x00007ffc527e0000 - 0x00007ffc527eb000 	C:\Program Files\Java\jdk-13.0.1\bin\dt_socket.dll
0x0000017d04ab0000 - 0x0000017d04ab3000 	C:\Program Files\Java\jdk-13.0.1\bin\api-ms-win-core-console-l1-1-0.dll
0x0000017d04be0000 - 0x0000017d04be3000 	C:\Program Files\Java\jdk-13.0.1\bin\api-ms-win-core-datetime-l1-1-0.dll
0x0000017d04bf0000 - 0x0000017d04bf3000 	C:\Program Files\Java\jdk-13.0.1\bin\api-ms-win-core-debug-l1-1-0.dll
0x0000017d04c00000 - 0x0000017d04c03000 	C:\Program Files\Java\jdk-13.0.1\bin\api-ms-win-core-errorhandling-l1-1-0.dll
0x0000017d04c10000 - 0x0000017d04c14000 	C:\Program Files\Java\jdk-13.0.1\bin\api-ms-win-core-file-l1-1-0.dll
0x0000017d04c20000 - 0x0000017d04c23000 	C:\Program Files\Java\jdk-13.0.1\bin\api-ms-win-core-file-l1-2-0.dll
0x0000017d04c30000 - 0x0000017d04c33000 	C:\Program Files\Java\jdk-13.0.1\bin\api-ms-win-core-file-l2-1-0.dll
0x0000017d04c40000 - 0x0000017d04c43000 	C:\Program Files\Java\jdk-13.0.1\bin\api-ms-win-core-handle-l1-1-0.dll
0x0000017d04c50000 - 0x0000017d04c53000 	C:\Program Files\Java\jdk-13.0.1\bin\api-ms-win-core-heap-l1-1-0.dll
0x0000017d04c60000 - 0x0000017d04c63000 	C:\Program Files\Java\jdk-13.0.1\bin\api-ms-win-core-interlocked-l1-1-0.dll
0x0000017d04c70000 - 0x0000017d04c73000 	C:\Program Files\Java\jdk-13.0.1\bin\api-ms-win-core-libraryloader-l1-1-0.dll
0x0000017d04c80000 - 0x0000017d04c83000 	C:\Program Files\Java\jdk-13.0.1\bin\api-ms-win-core-localization-l1-2-0.dll
0x0000017d04c90000 - 0x0000017d04c93000 	C:\Program Files\Java\jdk-13.0.1\bin\api-ms-win-core-memory-l1-1-0.dll
0x0000017d06b80000 - 0x0000017d06b83000 	C:\Program Files\Java\jdk-13.0.1\bin\api-ms-win-core-namedpipe-l1-1-0.dll
0x0000017d06b90000 - 0x0000017d06b93000 	C:\Program Files\Java\jdk-13.0.1\bin\api-ms-win-core-processenvironment-l1-1-0.dll
0x0000017d06ba0000 - 0x0000017d06ba3000 	C:\Program Files\Java\jdk-13.0.1\bin\api-ms-win-core-processthreads-l1-1-0.dll
0x0000017d06bb0000 - 0x0000017d06bb3000 	C:\Program Files\Java\jdk-13.0.1\bin\api-ms-win-core-processthreads-l1-1-1.dll
0x0000017d06bc0000 - 0x0000017d06bc3000 	C:\Program Files\Java\jdk-13.0.1\bin\api-ms-win-core-profile-l1-1-0.dll
0x0000017d06bd0000 - 0x0000017d06bd3000 	C:\Program Files\Java\jdk-13.0.1\bin\api-ms-win-core-rtlsupport-l1-1-0.dll
0x0000017d06be0000 - 0x0000017d06be3000 	C:\Program Files\Java\jdk-13.0.1\bin\api-ms-win-core-string-l1-1-0.dll
0x0000017d06bf0000 - 0x0000017d06bf3000 	C:\Program Files\Java\jdk-13.0.1\bin\api-ms-win-core-synch-l1-1-0.dll
0x0000017d06c00000 - 0x0000017d06c03000 	C:\Program Files\Java\jdk-13.0.1\bin\api-ms-win-core-synch-l1-2-0.dll
0x0000017d06c10000 - 0x0000017d06c13000 	C:\Program Files\Java\jdk-13.0.1\bin\api-ms-win-core-sysinfo-l1-1-0.dll
0x0000017d06c20000 - 0x0000017d06c23000 	C:\Program Files\Java\jdk-13.0.1\bin\api-ms-win-core-timezone-l1-1-0.dll
0x0000017d06c30000 - 0x0000017d06c33000 	C:\Program Files\Java\jdk-13.0.1\bin\api-ms-win-core-util-l1-1-0.dll
0x0000017d06c40000 - 0x0000017d06c43000 	C:\Program Files\Java\jdk-13.0.1\bin\api-ms-win-crt-conio-l1-1-0.dll
0x0000017d2cc50000 - 0x0000017d2cc54000 	C:\Program Files\Java\jdk-13.0.1\bin\api-ms-win-crt-convert-l1-1-0.dll
0x0000017d2cc60000 - 0x0000017d2cc63000 	C:\Program Files\Java\jdk-13.0.1\bin\api-ms-win-crt-environment-l1-1-0.dll
0x0000017d2cc70000 - 0x0000017d2cc73000 	C:\Program Files\Java\jdk-13.0.1\bin\api-ms-win-crt-filesystem-l1-1-0.dll
0x0000017d2cc80000 - 0x0000017d2cc83000 	C:\Program Files\Java\jdk-13.0.1\bin\api-ms-win-crt-heap-l1-1-0.dll
0x0000017d2cc90000 - 0x0000017d2cc93000 	C:\Program Files\Java\jdk-13.0.1\bin\api-ms-win-crt-locale-l1-1-0.dll
0x0000017d2cca0000 - 0x0000017d2cca5000 	C:\Program Files\Java\jdk-13.0.1\bin\api-ms-win-crt-math-l1-1-0.dll
0x0000017d2ccb0000 - 0x0000017d2ccb5000 	C:\Program Files\Java\jdk-13.0.1\bin\api-ms-win-crt-multibyte-l1-1-0.dll
0x0000017d2ccc0000 - 0x0000017d2ccd0000 	C:\Program Files\Java\jdk-13.0.1\bin\api-ms-win-crt-private-l1-1-0.dll
0x0000017d2ccd0000 - 0x0000017d2ccd3000 	C:\Program Files\Java\jdk-13.0.1\bin\api-ms-win-crt-process-l1-1-0.dll
0x0000017d2cce0000 - 0x0000017d2cce4000 	C:\Program Files\Java\jdk-13.0.1\bin\api-ms-win-crt-runtime-l1-1-0.dll
0x0000017d2ccf0000 - 0x0000017d2ccf4000 	C:\Program Files\Java\jdk-13.0.1\bin\api-ms-win-crt-stdio-l1-1-0.dll
0x0000017d2cd00000 - 0x0000017d2cd04000 	C:\Program Files\Java\jdk-13.0.1\bin\api-ms-win-crt-string-l1-1-0.dll
0x0000017d2cd10000 - 0x0000017d2cd13000 	C:\Program Files\Java\jdk-13.0.1\bin\api-ms-win-crt-time-l1-1-0.dll
0x0000017d2cd20000 - 0x0000017d2cd23000 	C:\Program Files\Java\jdk-13.0.1\bin\api-ms-win-crt-utility-l1-1-0.dll
0x00007ffc2ac20000 - 0x00007ffc2ad1c000 	C:\Program Files\Java\jdk-13.0.1\bin\ucrtbase.dll
0x00007ffc3e450000 - 0x00007ffc3e49e000 	C:\Windows\System32\concrt140.dll
0x00007ffc5faa0000 - 0x00007ffc5faac000 	C:\WINDOWS\SYSTEM32\VCRUNTIME140_1.dll
0x00007ffc45070000 - 0x00007ffc45093000 	C:\Users\Filip\.openjfx\cache\11\prism_d3d.dll
0x00007ffc6eff0000 - 0x00007ffc6f1bf000 	C:\WINDOWS\system32\d3d9.dll
0x00007ffc7ea20000 - 0x00007ffc7ea4f000 	C:\WINDOWS\SYSTEM32\dwmapi.dll
0x00007ffc7e830000 - 0x00007ffc7e8ce000 	C:\WINDOWS\system32\uxtheme.dll
0x00007ffbecd00000 - 0x00007ffbf24e4000 	C:\WINDOWS\System32\DriverStore\FileRepository\igdlh64.inf_amd64_463164d40c3d26ce\igdumdim64.dll
0x00007ffc82680000 - 0x00007ffc8274d000 	C:\WINDOWS\System32\OLEAUT32.dll
0x00007ffc82550000 - 0x00007ffc8267a000 	C:\WINDOWS\System32\ole32.dll
0x00007ffc83600000 - 0x00007ffc83a6a000 	C:\WINDOWS\System32\SETUPAPI.dll
0x00007ffc81920000 - 0x00007ffc8196e000 	C:\WINDOWS\System32\cfgmgr32.dll
0x00007ffc811d0000 - 0x00007ffc811f7000 	C:\WINDOWS\System32\bcrypt.dll
0x00007ffc3e320000 - 0x00007ffc3e365000 	C:\Users\Filip\.openjfx\cache\11\glass.dll
0x00007ffc827d0000 - 0x00007ffc828ab000 	C:\WINDOWS\System32\COMDLG32.dll
0x00007ffc83120000 - 0x00007ffc83235000 	C:\WINDOWS\System32\MSCTF.dll
0x00007ffc74d30000 - 0x00007ffc75e8d000 	C:\WINDOWS\System32\DriverStore\FileRepository\igdlh64.inf_amd64_463164d40c3d26ce\igc64.dll
0x00007ffc7c3b0000 - 0x00007ffc7c3eb000 	C:\WINDOWS\SYSTEM32\dxcore.dll
0x00007ffc7a2f0000 - 0x00007ffc7a304000 	C:\Users\Filip\.openjfx\cache\11\javafx_font.dll

dbghelp: loaded successfully - version: 4.0.5 - missing functions: none
symbol engine: initialized successfully - sym options: 0x614 - pdb path: .;C:\Program Files\Java\jdk-13.0.1\bin;C:\WINDOWS\SYSTEM32;C:\WINDOWS\WinSxS\amd64_microsoft.windows.common-controls_6595b64144ccf1df_6.0.19041.1110_none_60b5254171f9507e;C:\Program Files\Java\jdk-13.0.1\bin\server;C:\Users\Filip\.openjfx\cache\11;C:\WINDOWS\System32\DriverStore\FileRepository\igdlh64.inf_amd64_463164d40c3d26ce

VM Arguments:
jvm_args: --add-modules=javafx.controls,javafx.fxml --module-path=C:\Users\Filip\.gradle\caches\modules-2\files-2.1\org.openjfx\javafx-fxml\11\d5ff9262ef49d166db658d15f37e3ecff38fde4b\javafx-fxml-11-win.jar;C:\Users\Filip\.gradle\caches\modules-2\files-2.1\org.openjfx\javafx-controls\11\af8d24de44e16a19ae959028eb23a48c145fb682\javafx-controls-11-win.jar;C:\Users\Filip\.gradle\caches\modules-2\files-2.1\org.openjfx\javafx-graphics\11\9345c7ea43dbcc73a62eca5332717b4ce617e6c6\javafx-graphics-11-win.jar;C:\Users\Filip\.gradle\caches\modules-2\files-2.1\org.openjfx\javafx-base\11\ad3a4acfaa28b484d30c40c1f009445cc3f6e68b\javafx-base-11-win.jar -agentlib:jdwp=transport=dt_socket,server=n,suspend=y,address=127.0.0.1:62774 -Dfile.encoding=windows-1250 -Duser.country=US -Duser.language=en -Duser.variant 
java_command: com.worwafi.Main
java_class_path (initial): D:\kola\FIIT\2 Semester\OOP\E-auction\build\classes\java\main;D:\kola\FIIT\2 Semester\OOP\E-auction\build\resources\main;C:\Users\Filip\.gradle\caches\modules-2\files-2.1\org.openjfx\javafx-fxml\11\d5ff9262ef49d166db658d15f37e3ecff38fde4b\javafx-fxml-11-win.jar;C:\Users\Filip\.gradle\caches\modules-2\files-2.1\org.openjfx\javafx-controls\11\af8d24de44e16a19ae959028eb23a48c145fb682\javafx-controls-11-win.jar;C:\Users\Filip\.gradle\caches\modules-2\files-2.1\org.openjfx\javafx-controls\11\58d961774262ec972bf304e16c154a8e18c2050b\javafx-controls-11.jar;C:\Users\Filip\.gradle\caches\modules-2\files-2.1\org.openjfx\javafx-graphics\11\9345c7ea43dbcc73a62eca5332717b4ce617e6c6\javafx-graphics-11-win.jar;C:\Users\Filip\.gradle\caches\modules-2\files-2.1\org.openjfx\javafx-graphics\11\a736dd079047ec0b72b8c4970842a5c5e0c19f2f\javafx-graphics-11.jar;C:\Users\Filip\.gradle\caches\modules-2\files-2.1\org.openjfx\javafx-base\11\ad3a4acfaa28b484d30c40c1f009445cc3f6e68b\javafx-base-11-win.jar;C:\Users\Filip\.gradle\caches\modules-2\files-2.1\org.openjfx\javafx-base\11\9fcd3e8e3227ec97bf503f7991fad1f3b14d005\javafx-base-11.jar;C:\Users\Filip\.gradle\caches\modules-2\files-2.1\com.jfoenix\jfoenix\9.0.4\b630dd9c840a8d4610a6f2f38706e21eddfebcd8\jfoenix-9.0.4.jar;C:\Users\Filip\.gradle\caches\modules-2\files-2.1\de.jensd\fontawesomefx\8.9\84f2b42df0faaf553c847e58100840aaf4507a61\fontawesomefx-8.9.jar
Launcher Type: SUN_STANDARD

[Global flags]
     intx CICompilerCount                          = 4                                         {product} {ergonomic}
     uint ConcGCThreads                            = 2                                         {product} {ergonomic}
     uint G1ConcRefinementThreads                  = 8                                         {product} {ergonomic}
   size_t G1HeapRegionSize                         = 1048576                                   {product} {ergonomic}
    uintx GCDrainStackTargetSize                   = 64                                        {product} {ergonomic}
   size_t InitialHeapSize                          = 268435456                                 {product} {ergonomic}
   size_t MarkStackSize                            = 4194304                                   {product} {ergonomic}
   size_t MaxHeapSize                              = 4267704320                                {product} {ergonomic}
   size_t MaxNewSize                               = 2560622592                                {product} {ergonomic}
   size_t MinHeapDeltaBytes                        = 1048576                                   {product} {ergonomic}
   size_t MinHeapSize                              = 8388608                                   {product} {ergonomic}
    uintx NonNMethodCodeHeapSize                   = 5836300                                {pd product} {ergonomic}
    uintx NonProfiledCodeHeapSize                  = 122910970                              {pd product} {ergonomic}
    uintx ProfiledCodeHeapSize                     = 122910970                              {pd product} {ergonomic}
    uintx ReservedCodeCacheSize                    = 251658240                              {pd product} {ergonomic}
     bool SegmentedCodeCache                       = true                                      {product} {ergonomic}
   size_t SoftMaxHeapSize                          = 4267704320                             {manageable} {ergonomic}
     bool UseCompressedClassPointers               = true                                 {lp64_product} {ergonomic}
     bool UseCompressedOops                        = true                                 {lp64_product} {ergonomic}
     bool UseG1GC                                  = true                                      {product} {ergonomic}
     bool UseLargePagesIndividualAllocation        = false                                  {pd product} {ergonomic}

Logging:
Log output configuration:
 #0: stdout all=warning uptime,level,tags
 #1: stderr all=off uptime,level,tags

Environment Variables:
PATH=C:\Python39\Scripts\;C:\Python39\;C:\Program Files (x86)\Common Files\Oracle\Java\javapath;C:\ProgramData\Oracle\Java\javapath;C:\Windows\system32;C:\Windows;C:\Windows\System32\Wbem;C:\Windows\System32\WindowsPowerShell\v1.0\;C:\WINDOWS\system32;C:\WINDOWS;C:\WINDOWS\System32\Wbem;C:\WINDOWS\System32\WindowsPowerShell\v1.0\;C:\WINDOWS\System32\OpenSSH\;C:\Program Files\Intel\WiFi\bin\;C:\Program Files\Common Files\Intel\WirelessCommon\;C:\WINDOWS\system32;C:\WINDOWS;C:\WINDOWS\System32\Wbem;C:\WINDOWS\System32\WindowsPowerShell\v1.0\;C:\WINDOWS\System32\OpenSSH\;C:\Program Files (x86)\EAC MW klient\;C:\Program Files\NVIDIA Corporation\NVIDIA NvDLISR;C:\Program Files\Git\cmd;C:\ProgramData\chocolatey\bin;C:\Users\Filip\AppData\Roaming\nvm;C:\Program Files\nodejs;C:\Program Files\PuTTY\;C:\MinGW\bin\;;C:\Program Files (x86)\NVIDIA Corporation\PhysX\Common;C:\Users\Filip\AppData\Local\Microsoft\WindowsApps;C:\Program Files\Intel\WiFi\bin\;C:\Program Files\Common Files\Intel\WirelessCommon\;C:\Users\Filip\Downloads\sqlite-dll-win64-x64-3340000;C:\Users\Filip\Downloads\sqlite-tools-win32-x86-3340000;C:\Users\Filip\AppData\Local\Programs\Microsoft VS Code\bin;C:\Users\Filip\AppData\Roaming\nvm;C:\Program Files\nodejs;C:\Users\Filip\AppData\Local\Programs\MiKTeX\miktex\bin\x64\;C:\Program Files\JetBrains\CLion 2021.2.3\bin;;C:\Program Files\JetBrains\IntelliJ IDEA Community Edition 2021.3.1\bin;;C:\Program Files\JetBrains\IntelliJ IDEA 2021.3.1\bin;
USERNAME=Filip
OS=Windows_NT
PROCESSOR_IDENTIFIER=Intel64 Family 6 Model 94 Stepping 3, GenuineIntel



---------------  S Y S T E M  ---------------

OS: Windows 10 , 64 bit Build 19041 (10.0.19041.1645)

CPU:total 8 (initial active 8) (4 cores per cpu, 2 threads per core) family 6 model 94 stepping 3, cmov, cx8, fxsr, mmx, sse, sse2, sse3, ssse3, sse4.1, sse4.2, popcnt, avx, avx2, aes, clmul, erms, rtm, 3dnowpref, lzcnt, ht, tsc, tscinvbit, bmi1, bmi2, adx, fma

Memory: 4k page, system-wide physical 16276M (2170M free)
TotalPageFile size 24583M (AvailPageFile size 239M)
current process WorkingSet (physical memory assigned to process): 91M, peak: 109M
current process commit charge ("private bytes"): 161M, peak: 401M

vm_info: Java HotSpot(TM) 64-Bit Server VM (13.0.1+9) for windows-amd64 JRE (13.0.1+9), built on Oct  6 2019 12:37:49 by "mach5one" with unknown MS VC++:1916

END.
